1610918604370	geckodriver	INFO	Listening on 127.0.0.1:52946
1610918607404	mozrunner::runner	INFO	Running command: "C:\\Program Files\\Mozilla Firefox\\firefox.exe" "--marionette" "-foreground" "-no-remote" "-profile" "C:\\Users\\Jack\\AppData\\Local\\Temp\\rust_mozprofileEwNKvw"
Can't find symbol 'eglSwapBuffersWithDamageEXT'.
Can't find symbol 'eglSetDamageRegionKHR'.
console.warn: SearchSettings: "get: No settings file exists, new profile?" (new Error("", "(unknown module)"))
1610918609236	Marionette	INFO	Listening on port 52956
1610918609463	Marionette	WARN	TLS certificate errors will be ignored for this session
1610918609531	Marionette	INFO	Stopped listening on port 52956
JavaScript error: resource://activity-stream/lib/ASRouter.jsm, line 987: NS_ERROR_ILLEGAL_VALUE: Component returned failure code: 0x80070057 (NS_ERROR_ILLEGAL_VALUE) [nsIObserverService.removeObserver]

###!!! [Child][RunMessage] Error: Channel closing: too late to send/recv, messages will be lost

1610918669600	geckodriver	INFO	Listening on 127.0.0.1:52996
1610918672661	mozrunner::runner	INFO	Running command: "C:\\Program Files\\Mozilla Firefox\\firefox.exe" "--marionette" "-foreground" "-no-remote" "-profile" "C:\\Users\\Jack\\AppData\\Local\\Temp\\rust_mozprofilewiJ0qx"
Can't find symbol 'eglSwapBuffersWithDamageEXT'.
Can't find symbol 'eglSetDamageRegionKHR'.
console.warn: SearchSettings: "get: No settings file exists, new profile?" (new Error("", "(unknown module)"))
1610918674519	Marionette	INFO	Listening on port 53006
1610918674716	Marionette	WARN	TLS certificate errors will be ignored for this session
1610918674786	Marionette	INFO	Stopped listening on port 53006
JavaScript error: resource://activity-stream/lib/ASRouter.jsm, line 987: NS_ERROR_ILLEGAL_VALUE: Component returned failure code: 0x80070057 (NS_ERROR_ILLEGAL_VALUE) [nsIObserverService.removeObserver]

###!!! [Child][RunMessage] Error: Channel closing: too late to send/recv, messages will be lost

1610919283262	geckodriver	INFO	Listening on 127.0.0.1:53184
1610919286268	mozrunner::runner	INFO	Running command: "C:\\Program Files\\Mozilla Firefox\\firefox.exe" "--marionette" "-foreground" "-no-remote" "-profile" "C:\\Users\\Jack\\AppData\\Local\\Temp\\rust_mozprofilehalYIV"
Can't find symbol 'eglSwapBuffersWithDamageEXT'.
Can't find symbol 'eglSetDamageRegionKHR'.
console.warn: SearchSettings: "get: No settings file exists, new profile?" (new Error("", "(unknown module)"))
1610919288071	Marionette	INFO	Listening on port 53192
1610919288330	Marionette	WARN	TLS certificate errors will be ignored for this session
1610919288410	Marionette	INFO	Stopped listening on port 53192
JavaScript error: resource://activity-stream/lib/ASRouter.jsm, line 987: NS_ERROR_ILLEGAL_VALUE: Component returned failure code: 0x80070057 (NS_ERROR_ILLEGAL_VALUE) [nsIObserverService.removeObserver]
console.warn: services.settings: main/cfr sync interrupted by shutdown

###!!! [Child][RunMessage] Error: Channel closing: too late to send/recv, messages will be lost

1610919352246	geckodriver	INFO	Listening on 127.0.0.1:53238
1610919355275	mozrunner::runner	INFO	Running command: "C:\\Program Files\\Mozilla Firefox\\firefox.exe" "--marionette" "-foreground" "-no-remote" "-profile" "C:\\Users\\Jack\\AppData\\Local\\Temp\\rust_mozprofilejwPTIR"
Can't find symbol 'eglSwapBuffersWithDamageEXT'.
Can't find symbol 'eglSetDamageRegionKHR'.
console.warn: SearchSettings: "get: No settings file exists, new profile?" (new Error("", "(unknown module)"))
1610919357070	Marionette	INFO	Listening on port 53246
1610919357335	Marionette	WARN	TLS certificate errors will be ignored for this session
1610919358517	Marionette	INFO	Stopped listening on port 53246

###!!! [Child][RunMessage] Error: Channel closing: too late to send/recv, messages will be lost

1610919776795	geckodriver	INFO	Listening on 127.0.0.1:53718
1610919779809	mozrunner::runner	INFO	Running command: "C:\\Program Files\\Mozilla Firefox\\firefox.exe" "--marionette" "-foreground" "-no-remote" "-profile" "C:\\Users\\Jack\\AppData\\Local\\Temp\\rust_mozprofileAwV6Ou"
Can't find symbol 'eglSwapBuffersWithDamageEXT'.
Can't find symbol 'eglSetDamageRegionKHR'.
console.warn: SearchSettings: "get: No settings file exists, new profile?" (new Error("", "(unknown module)"))
1610919781614	Marionette	INFO	Listening on port 53727
1610919781874	Marionette	WARN	TLS certificate errors will be ignored for this session
1610919784186	Marionette	INFO	Stopped listening on port 53727

###!!! [Child][RunMessage] Error: Channel closing: too late to send/recv, messages will be lost

1610920125849	geckodriver	INFO	Listening on 127.0.0.1:53853
1610920128873	mozrunner::runner	INFO	Running command: "C:\\Program Files\\Mozilla Firefox\\firefox.exe" "--marionette" "-foreground" "-no-remote" "-profile" "C:\\Users\\Jack\\AppData\\Local\\Temp\\rust_mozprofilekZ630F"
Can't find symbol 'eglSwapBuffersWithDamageEXT'.
Can't find symbol 'eglSetDamageRegionKHR'.
console.warn: SearchSettings: "get: No settings file exists, new profile?" (new Error("", "(unknown module)"))
1610920130715	Marionette	INFO	Listening on port 53865
1610920130924	Marionette	WARN	TLS certificate errors will be ignored for this session
1610920133200	Marionette	INFO	Stopped listening on port 53865

###!!! [Child][RunMessage] Error: Channel closing: too late to send/recv, messages will be lost

1610920221360	geckodriver	INFO	Listening on 127.0.0.1:53947
1610920224385	mozrunner::runner	INFO	Running command: "C:\\Program Files\\Mozilla Firefox\\firefox.exe" "--marionette" "-foreground" "-no-remote" "-profile" "C:\\Users\\Jack\\AppData\\Local\\Temp\\rust_mozprofileipmfgk"
Can't find symbol 'eglSwapBuffersWithDamageEXT'.
Can't find symbol 'eglSetDamageRegionKHR'.
console.warn: SearchSettings: "get: No settings file exists, new profile?" (new Error("", "(unknown module)"))
1610920226180	Marionette	INFO	Listening on port 53956
1610920226444	Marionette	WARN	TLS certificate errors will be ignored for this session
1610920226849	Marionette	INFO	Stopped listening on port 53956

###!!! [Child][RunMessage] Error: Channel closing: too late to send/recv, messages will be lost

1610920239712	geckodriver	INFO	Listening on 127.0.0.1:54005
1610920242740	mozrunner::runner	INFO	Running command: "C:\\Program Files\\Mozilla Firefox\\firefox.exe" "--marionette" "-foreground" "-no-remote" "-profile" "C:\\Users\\Jack\\AppData\\Local\\Temp\\rust_mozprofileo54G9e"
Can't find symbol 'eglSwapBuffersWithDamageEXT'.
Can't find symbol 'eglSetDamageRegionKHR'.
console.warn: SearchSettings: "get: No settings file exists, new profile?" (new Error("", "(unknown module)"))
1610920244538	Marionette	INFO	Listening on port 54013
1610920244797	Marionette	WARN	TLS certificate errors will be ignored for this session
1610920247024	Marionette	INFO	Stopped listening on port 54013

###!!! [Child][RunMessage] Error: Channel closing: too late to send/recv, messages will be lost

1610921907560	geckodriver	INFO	Listening on 127.0.0.1:53200
1610921910577	mozrunner::runner	INFO	Running command: "C:\\Program Files\\Mozilla Firefox\\firefox.exe" "--marionette" "-foreground" "-no-remote" "-profile" "C:\\Users\\Jack\\AppData\\Local\\Temp\\rust_mozprofiledtjR7v"
Can't find symbol 'eglSwapBuffersWithDamageEXT'.
Can't find symbol 'eglSetDamageRegionKHR'.
console.warn: SearchSettings: "get: No settings file exists, new profile?" (new Error("", "(unknown module)"))
1610921912395	Marionette	INFO	Listening on port 53209
1610921912652	Marionette	WARN	TLS certificate errors will be ignored for this session
1610921913126	Marionette	INFO	Stopped listening on port 53209

###!!! [Child][RunMessage] Error: Channel closing: too late to send/recv, messages will be lost

1610922071387	geckodriver	INFO	Listening on 127.0.0.1:53271
1610922074398	mozrunner::runner	INFO	Running command: "C:\\Program Files\\Mozilla Firefox\\firefox.exe" "--marionette" "-foreground" "-no-remote" "-profile" "C:\\Users\\Jack\\AppData\\Local\\Temp\\rust_mozprofilezHsnsP"
Can't find symbol 'eglSwapBuffersWithDamageEXT'.
Can't find symbol 'eglSetDamageRegionKHR'.
console.warn: SearchSettings: "get: No settings file exists, new profile?" (new Error("", "(unknown module)"))
1610922076229	Marionette	INFO	Listening on port 53280
1610922076473	Marionette	WARN	TLS certificate errors will be ignored for this session
1610922078811	Marionette	INFO	Stopped listening on port 53280

###!!! [Child][RunMessage] Error: Channel closing: too late to send/recv, messages will be lost

1610922515363	geckodriver	INFO	Listening on 127.0.0.1:53757
1610922518381	mozrunner::runner	INFO	Running command: "C:\\Program Files\\Mozilla Firefox\\firefox.exe" "--marionette" "-foreground" "-no-remote" "-profile" "C:\\Users\\Jack\\AppData\\Local\\Temp\\rust_mozprofilexUKzCU"
Can't find symbol 'eglSwapBuffersWithDamageEXT'.
Can't find symbol 'eglSetDamageRegionKHR'.
console.warn: SearchSettings: "get: No settings file exists, new profile?" (new Error("", "(unknown module)"))
1610922520247	Marionette	INFO	Listening on port 53765
1610922520443	Marionette	WARN	TLS certificate errors will be ignored for this session
1610922522666	Marionette	INFO	Stopped listening on port 53765

###!!! [Child][RunMessage] Error: Channel closing: too late to send/recv, messages will be lost

1610922610722	geckodriver	INFO	Listening on 127.0.0.1:53838
1610922613741	mozrunner::runner	INFO	Running command: "C:\\Program Files\\Mozilla Firefox\\firefox.exe" "--marionette" "-foreground" "-no-remote" "-profile" "C:\\Users\\Jack\\AppData\\Local\\Temp\\rust_mozprofiletNhRAq"
Can't find symbol 'eglSwapBuffersWithDamageEXT'.
Can't find symbol 'eglSetDamageRegionKHR'.
console.warn: SearchSettings: "get: No settings file exists, new profile?" (new Error("", "(unknown module)"))
1610922615509	Marionette	INFO	Listening on port 53849
1610922615797	Marionette	WARN	TLS certificate errors will be ignored for this session
1610922616245	Marionette	INFO	Stopped listening on port 53849

###!!! [Child][RunMessage] Error: Channel closing: too late to send/recv, messages will be lost

1610922649592	geckodriver	INFO	Listening on 127.0.0.1:53901
1610922652604	mozrunner::runner	INFO	Running command: "C:\\Program Files\\Mozilla Firefox\\firefox.exe" "--marionette" "-foreground" "-no-remote" "-profile" "C:\\Users\\Jack\\AppData\\Local\\Temp\\rust_mozprofileOdSCTc"
Can't find symbol 'eglSwapBuffersWithDamageEXT'.
Can't find symbol 'eglSetDamageRegionKHR'.
console.warn: SearchSettings: "get: No settings file exists, new profile?" (new Error("", "(unknown module)"))
1610922654380	Marionette	INFO	Listening on port 53910
1610922654667	Marionette	WARN	TLS certificate errors will be ignored for this session
1610922656592	Marionette	INFO	Stopped listening on port 53910

###!!! [Child][RunMessage] Error: Channel closing: too late to send/recv, messages will be lost

1610923392414	geckodriver	INFO	Listening on 127.0.0.1:54172
1610923395407	mozrunner::runner	INFO	Running command: "C:\\Program Files\\Mozilla Firefox\\firefox.exe" "--marionette" "-foreground" "-no-remote" "-profile" "C:\\Users\\Jack\\AppData\\Local\\Temp\\rust_mozprofile04DgCP"
Can't find symbol 'eglSwapBuffersWithDamageEXT'.
Can't find symbol 'eglSetDamageRegionKHR'.
console.warn: SearchSettings: "get: No settings file exists, new profile?" (new Error("", "(unknown module)"))
1610923397288	Marionette	INFO	Listening on port 54183
1610923397466	Marionette	WARN	TLS certificate errors will be ignored for this session
1610923399761	Marionette	INFO	Stopped listening on port 54183

###!!! [Child][RunMessage] Error: Channel closing: too late to send/recv, messages will be lost

1610923472394	geckodriver	INFO	Listening on 127.0.0.1:54263
1610923475413	mozrunner::runner	INFO	Running command: "C:\\Program Files\\Mozilla Firefox\\firefox.exe" "--marionette" "-foreground" "-no-remote" "-profile" "C:\\Users\\Jack\\AppData\\Local\\Temp\\rust_mozprofilehQSahO"
Can't find symbol 'eglSwapBuffersWithDamageEXT'.
Can't find symbol 'eglSetDamageRegionKHR'.
console.warn: SearchSettings: "get: No settings file exists, new profile?" (new Error("", "(unknown module)"))
1610923477186	Marionette	INFO	Listening on port 54273
1610923477474	Marionette	WARN	TLS certificate errors will be ignored for this session
1610923479940	Marionette	INFO	Stopped listening on port 54273

###!!! [Child][RunMessage] Error: Channel closing: too late to send/recv, messages will be lost

1610923748781	geckodriver	INFO	Listening on 127.0.0.1:54392
1610923751803	mozrunner::runner	INFO	Running command: "C:\\Program Files\\Mozilla Firefox\\firefox.exe" "--marionette" "-foreground" "-no-remote" "-profile" "C:\\Users\\Jack\\AppData\\Local\\Temp\\rust_mozprofilelHLuNq"
Can't find symbol 'eglSwapBuffersWithDamageEXT'.
Can't find symbol 'eglSetDamageRegionKHR'.
console.warn: SearchSettings: "get: No settings file exists, new profile?" (new Error("", "(unknown module)"))
1610923753675	Marionette	INFO	Listening on port 54400
1610923753859	Marionette	WARN	TLS certificate errors will be ignored for this session
1610923756073	Marionette	INFO	Stopped listening on port 54400

###!!! [Child][RunMessage] Error: Channel closing: too late to send/recv, messages will be lost

1610924099276	geckodriver	INFO	Listening on 127.0.0.1:54580
1610924102300	mozrunner::runner	INFO	Running command: "C:\\Program Files\\Mozilla Firefox\\firefox.exe" "--marionette" "-foreground" "-no-remote" "-profile" "C:\\Users\\Jack\\AppData\\Local\\Temp\\rust_mozprofileyqJQP3"
Can't find symbol 'eglSwapBuffersWithDamageEXT'.
Can't find symbol 'eglSetDamageRegionKHR'.
console.warn: SearchSettings: "get: No settings file exists, new profile?" (new Error("", "(unknown module)"))
1610924104155	Marionette	INFO	Listening on port 54589
1610924104367	Marionette	WARN	TLS certificate errors will be ignored for this session
1610924106649	Marionette	INFO	Stopped listening on port 54589

###!!! [Child][RunMessage] Error: Channel closing: too late to send/recv, messages will be lost

1610924504646	geckodriver	INFO	Listening on 127.0.0.1:54745
1610924507672	mozrunner::runner	INFO	Running command: "C:\\Program Files\\Mozilla Firefox\\firefox.exe" "--marionette" "-foreground" "-no-remote" "-profile" "C:\\Users\\Jack\\AppData\\Local\\Temp\\rust_mozprofileOHAY6L"
Can't find symbol 'eglSwapBuffersWithDamageEXT'.
Can't find symbol 'eglSetDamageRegionKHR'.
console.warn: SearchSettings: "get: No settings file exists, new profile?" (new Error("", "(unknown module)"))
1610924509457	Marionette	INFO	Listening on port 54753
1610924509752	Marionette	WARN	TLS certificate errors will be ignored for this session
1610924510540	Marionette	INFO	Stopped listening on port 54753

###!!! [Child][RunMessage] Error: Channel closing: too late to send/recv, messages will be lost

1610924572245	geckodriver	INFO	Listening on 127.0.0.1:54812
1610924575261	mozrunner::runner	INFO	Running command: "C:\\Program Files\\Mozilla Firefox\\firefox.exe" "--marionette" "-foreground" "-no-remote" "-profile" "C:\\Users\\Jack\\AppData\\Local\\Temp\\rust_mozprofileuUfxfw"
Can't find symbol 'eglSwapBuffersWithDamageEXT'.
Can't find symbol 'eglSetDamageRegionKHR'.
console.warn: SearchSettings: "get: No settings file exists, new profile?" (new Error("", "(unknown module)"))
1610924577073	Marionette	INFO	Listening on port 54820
1610924577320	Marionette	WARN	TLS certificate errors will be ignored for this session
1610924579647	Marionette	INFO	Stopped listening on port 54820

###!!! [Child][RunMessage] Error: Channel closing: too late to send/recv, messages will be lost

1610925611940	geckodriver	INFO	Listening on 127.0.0.1:55101
1610925614956	mozrunner::runner	INFO	Running command: "C:\\Program Files\\Mozilla Firefox\\firefox.exe" "--marionette" "-foreground" "-no-remote" "-profile" "C:\\Users\\Jack\\AppData\\Local\\Temp\\rust_mozprofileQvCduF"
Can't find symbol 'eglSwapBuffersWithDamageEXT'.
Can't find symbol 'eglSetDamageRegionKHR'.
console.warn: SearchSettings: "get: No settings file exists, new profile?" (new Error("", "(unknown module)"))
1610925616845	Marionette	INFO	Listening on port 55109
1610925617005	Marionette	WARN	TLS certificate errors will be ignored for this session
1610925619571	Marionette	INFO	Stopped listening on port 55109

###!!! [Child][RunMessage] Error: Channel closing: too late to send/recv, messages will be lost

1610926148180	geckodriver	INFO	Listening on 127.0.0.1:55266
1610926151194	mozrunner::runner	INFO	Running command: "C:\\Program Files\\Mozilla Firefox\\firefox.exe" "--marionette" "-foreground" "-no-remote" "-profile" "C:\\Users\\Jack\\AppData\\Local\\Temp\\rust_mozprofilemEJAVW"
Can't find symbol 'eglSwapBuffersWithDamageEXT'.
Can't find symbol 'eglSetDamageRegionKHR'.
console.warn: SearchSettings: "get: No settings file exists, new profile?" (new Error("", "(unknown module)"))
1610926152969	Marionette	INFO	Listening on port 55276
1610926153245	Marionette	WARN	TLS certificate errors will be ignored for this session
1610926155958	Marionette	INFO	Stopped listening on port 55276

###!!! [Child][RunMessage] Error: Channel closing: too late to send/recv, messages will be lost

1610927078667	geckodriver	INFO	Listening on 127.0.0.1:55519
1610927081687	mozrunner::runner	INFO	Running command: "C:\\Program Files\\Mozilla Firefox\\firefox.exe" "--marionette" "-foreground" "-no-remote" "-profile" "C:\\Users\\Jack\\AppData\\Local\\Temp\\rust_mozprofileZFtVRg"
Can't find symbol 'eglSwapBuffersWithDamageEXT'.
Can't find symbol 'eglSetDamageRegionKHR'.
console.warn: SearchSettings: "get: No settings file exists, new profile?" (new Error("", "(unknown module)"))
1610927083520	Marionette	INFO	Listening on port 55527
1610927083743	Marionette	WARN	TLS certificate errors will be ignored for this session
1610927086053	Marionette	INFO	Stopped listening on port 55527

###!!! [Child][RunMessage] Error: Channel closing: too late to send/recv, messages will be lost

1610927341483	geckodriver	INFO	Listening on 127.0.0.1:55635
1610927344492	mozrunner::runner	INFO	Running command: "C:\\Program Files\\Mozilla Firefox\\firefox.exe" "--marionette" "-foreground" "-no-remote" "-profile" "C:\\Users\\Jack\\AppData\\Local\\Temp\\rust_mozprofilekBW6IO"
Can't find symbol 'eglSwapBuffersWithDamageEXT'.
Can't find symbol 'eglSetDamageRegionKHR'.
console.warn: SearchSettings: "get: No settings file exists, new profile?" (new Error("", "(unknown module)"))
1610927346368	Marionette	INFO	Listening on port 55646
1610927346546	Marionette	WARN	TLS certificate errors will be ignored for this session
1610927346963	Marionette	INFO	Stopped listening on port 55646

###!!! [Child][RunMessage] Error: Channel closing: too late to send/recv, messages will be lost

1610927524688	geckodriver	INFO	Listening on 127.0.0.1:55738
1610927527705	mozrunner::runner	INFO	Running command: "C:\\Program Files\\Mozilla Firefox\\firefox.exe" "--marionette" "-foreground" "-no-remote" "-profile" "C:\\Users\\Jack\\AppData\\Local\\Temp\\rust_mozprofileJ8gjQR"
Can't find symbol 'eglSwapBuffersWithDamageEXT'.
Can't find symbol 'eglSetDamageRegionKHR'.
console.warn: SearchSettings: "get: No settings file exists, new profile?" (new Error("", "(unknown module)"))
1610927529579	Marionette	INFO	Listening on port 55747
1610927529770	Marionette	WARN	TLS certificate errors will be ignored for this session
1610927532054	Marionette	INFO	Stopped listening on port 55747
JavaScript error: resource://gre/modules/UrlClassifierListManager.jsm, line 691: TypeError: this.tablesData[table] is undefined

###!!! [Child][RunMessage] Error: Channel closing: too late to send/recv, messages will be lost

1610927592909	geckodriver	INFO	Listening on 127.0.0.1:55828
1610927595913	mozrunner::runner	INFO	Running command: "C:\\Program Files\\Mozilla Firefox\\firefox.exe" "--marionette" "-foreground" "-no-remote" "-profile" "C:\\Users\\Jack\\AppData\\Local\\Temp\\rust_mozprofileSHXCqA"
Can't find symbol 'eglSwapBuffersWithDamageEXT'.
Can't find symbol 'eglSetDamageRegionKHR'.
console.warn: SearchSettings: "get: No settings file exists, new profile?" (new Error("", "(unknown module)"))
1610927597816	Marionette	INFO	Listening on port 55837
1610927597978	Marionette	WARN	TLS certificate errors will be ignored for this session
1610927598055	Marionette	INFO	Stopped listening on port 55837
JavaScript error: resource://activity-stream/lib/ASRouter.jsm, line 987: NS_ERROR_ILLEGAL_VALUE: Component returned failure code: 0x80070057 (NS_ERROR_ILLEGAL_VALUE) [nsIObserverService.removeObserver]
[Parent 21624, Gecko_IOThread] WARNING: file /builds/worker/checkouts/gecko/ipc/chromium/src/base/process_util_win.cc:166

###!!! [Child][RunMessage] Error: Channel closing: too late to send/recv, messages will be lost

1610927623087	geckodriver	INFO	Listening on 127.0.0.1:55878
1610927626114	mozrunner::runner	INFO	Running command: "C:\\Program Files\\Mozilla Firefox\\firefox.exe" "--marionette" "-foreground" "-no-remote" "-profile" "C:\\Users\\Jack\\AppData\\Local\\Temp\\rust_mozprofilevSjmIq"
Can't find symbol 'eglSwapBuffersWithDamageEXT'.
Can't find symbol 'eglSetDamageRegionKHR'.
console.warn: SearchSettings: "get: No settings file exists, new profile?" (new Error("", "(unknown module)"))
1610927627951	Marionette	INFO	Listening on port 55888
1610927628171	Marionette	WARN	TLS certificate errors will be ignored for this session
1610927630454	Marionette	INFO	Stopped listening on port 55888

###!!! [Child][RunMessage] Error: Channel closing: too late to send/recv, messages will be lost

1611178325939	geckodriver	INFO	Listening on 127.0.0.1:60100
1611178328935	mozrunner::runner	INFO	Running command: "C:\\Program Files\\Mozilla Firefox\\firefox.exe" "--marionette" "-foreground" "-no-remote" "-profile" "C:\\Users\\Jack\\AppData\\Local\\Temp\\rust_mozprofilepvzDNI"
Can't find symbol 'eglSwapBuffersWithDamageEXT'.
Can't find symbol 'eglSetDamageRegionKHR'.
console.warn: SearchSettings: "get: No settings file exists, new profile?" (new Error("", "(unknown module)"))
1611178331415	Marionette	INFO	Listening on port 60108
1611178331618	Marionette	WARN	TLS certificate errors will be ignored for this session
1611178331694	Marionette	INFO	Stopped listening on port 60108
JavaScript error: resource://activity-stream/lib/ASRouter.jsm, line 987: NS_ERROR_ILLEGAL_VALUE: Component returned failure code: 0x80070057 (NS_ERROR_ILLEGAL_VALUE) [nsIObserverService.removeObserver]
console.error: services.settings: 
  main/fxmonitor-breaches Signature failed  TypeError: NetworkError when attempting to fetch resource.
console.error: services.settings: 
  main/message-groups Signature failed  TypeError: NetworkError when attempting to fetch resource.

###!!! [Child][RunMessage] Error: Channel closing: too late to send/recv, messages will be lost

1611178387902	geckodriver	INFO	Listening on 127.0.0.1:60151
1611178390916	mozrunner::runner	INFO	Running command: "C:\\Program Files\\Mozilla Firefox\\firefox.exe" "--marionette" "-foreground" "-no-remote" "-profile" "C:\\Users\\Jack\\AppData\\Local\\Temp\\rust_mozprofileGMfXhG"
Can't find symbol 'eglSwapBuffersWithDamageEXT'.
Can't find symbol 'eglSetDamageRegionKHR'.
console.warn: SearchSettings: "get: No settings file exists, new profile?" (new Error("", "(unknown module)"))
1611178392721	Marionette	INFO	Listening on port 60160
1611178392980	Marionette	WARN	TLS certificate errors will be ignored for this session
1611178393072	Marionette	INFO	Stopped listening on port 60160

###!!! [Child][RunMessage] Error: Channel closing: too late to send/recv, messages will be lost

1611178440818	geckodriver	INFO	Listening on 127.0.0.1:60203
1611178443845	mozrunner::runner	INFO	Running command: "C:\\Program Files\\Mozilla Firefox\\firefox.exe" "--marionette" "-foreground" "-no-remote" "-profile" "C:\\Users\\Jack\\AppData\\Local\\Temp\\rust_mozprofile8chaha"
Can't find symbol 'eglSwapBuffersWithDamageEXT'.
Can't find symbol 'eglSetDamageRegionKHR'.
console.warn: SearchSettings: "get: No settings file exists, new profile?" (new Error("", "(unknown module)"))
1611178445662	Marionette	INFO	Listening on port 60212
1611178445912	Marionette	WARN	TLS certificate errors will be ignored for this session
1611178445983	Marionette	INFO	Stopped listening on port 60212
JavaScript error: resource://activity-stream/lib/ASRouter.jsm, line 987: NS_ERROR_ILLEGAL_VALUE: Component returned failure code: 0x80070057 (NS_ERROR_ILLEGAL_VALUE) [nsIObserverService.removeObserver]

###!!! [Child][RunMessage] Error: Channel closing: too late to send/recv, messages will be lost

1611178461649	geckodriver	INFO	Listening on 127.0.0.1:60248
1611178464655	mozrunner::runner	INFO	Running command: "C:\\Program Files\\Mozilla Firefox\\firefox.exe" "--marionette" "-foreground" "-no-remote" "-profile" "C:\\Users\\Jack\\AppData\\Local\\Temp\\rust_mozprofile9H34TZ"
Can't find symbol 'eglSwapBuffersWithDamageEXT'.
Can't find symbol 'eglSetDamageRegionKHR'.
console.warn: SearchSettings: "get: No settings file exists, new profile?" (new Error("", "(unknown module)"))
1611178466447	Marionette	INFO	Listening on port 60256
1611178466722	Marionette	WARN	TLS certificate errors will be ignored for this session
1611178469380	Marionette	INFO	Stopped listening on port 60256

###!!! [Child][RunMessage] Error: Channel closing: too late to send/recv, messages will be lost

1611180004957	geckodriver	INFO	Listening on 127.0.0.1:60497
1611180007981	mozrunner::runner	INFO	Running command: "C:\\Program Files\\Mozilla Firefox\\firefox.exe" "--marionette" "-foreground" "-no-remote" "-profile" "C:\\Users\\Jack\\AppData\\Local\\Temp\\rust_mozprofilel3kuGT"
Can't find symbol 'eglSwapBuffersWithDamageEXT'.
Can't find symbol 'eglSetDamageRegionKHR'.
console.warn: SearchSettings: "get: No settings file exists, new profile?" (new Error("", "(unknown module)"))
1611180009717	Marionette	INFO	Listening on port 60505
1611180010033	Marionette	WARN	TLS certificate errors will be ignored for this session
1611180015417	Marionette	INFO	Stopped listening on port 60505

###!!! [Child][RunMessage] Error: Channel closing: too late to send/recv, messages will be lost

1611180172422	geckodriver	INFO	Listening on 127.0.0.1:60720
1611180175436	mozrunner::runner	INFO	Running command: "C:\\Program Files\\Mozilla Firefox\\firefox.exe" "--marionette" "-foreground" "-no-remote" "-profile" "C:\\Users\\Jack\\AppData\\Local\\Temp\\rust_mozprofileMtIZEc"
Can't find symbol 'eglSwapBuffersWithDamageEXT'.
Can't find symbol 'eglSetDamageRegionKHR'.
console.warn: SearchSettings: "get: No settings file exists, new profile?" (new Error("", "(unknown module)"))
1611180177217	Marionette	INFO	Listening on port 60728
1611180177505	Marionette	WARN	TLS certificate errors will be ignored for this session
1611180180566	Marionette	INFO	Stopped listening on port 60728

###!!! [Child][RunMessage] Error: Channel closing: too late to send/recv, messages will be lost

1611180263609	geckodriver	INFO	Listening on 127.0.0.1:60808
1611180266613	mozrunner::runner	INFO	Running command: "C:\\Program Files\\Mozilla Firefox\\firefox.exe" "--marionette" "-foreground" "-no-remote" "-profile" "C:\\Users\\Jack\\AppData\\Local\\Temp\\rust_mozprofileo3uz5m"
Can't find symbol 'eglSwapBuffersWithDamageEXT'.
Can't find symbol 'eglSetDamageRegionKHR'.
console.warn: SearchSettings: "get: No settings file exists, new profile?" (new Error("", "(unknown module)"))
1611180268447	Marionette	INFO	Listening on port 60816
1611180268668	Marionette	WARN	TLS certificate errors will be ignored for this session
1611180271801	Marionette	INFO	Stopped listening on port 60816

###!!! [Child][RunMessage] Error: Channel closing: too late to send/recv, messages will be lost

1611180526416	geckodriver	INFO	Listening on 127.0.0.1:60929
1611180529431	mozrunner::runner	INFO	Running command: "C:\\Program Files\\Mozilla Firefox\\firefox.exe" "--marionette" "-foreground" "-no-remote" "-profile" "C:\\Users\\Jack\\AppData\\Local\\Temp\\rust_mozprofile5rCZv1"
Can't find symbol 'eglSwapBuffersWithDamageEXT'.
Can't find symbol 'eglSetDamageRegionKHR'.
console.warn: SearchSettings: "get: No settings file exists, new profile?" (new Error("", "(unknown module)"))
1611180531289	Marionette	INFO	Listening on port 60938
1611180531498	Marionette	WARN	TLS certificate errors will be ignored for this session
1611180535183	Marionette	INFO	Stopped listening on port 60938

###!!! [Child][RunMessage] Error: Channel closing: too late to send/recv, messages will be lost

1611180653452	geckodriver	INFO	Listening on 127.0.0.1:61021
1611180656470	mozrunner::runner	INFO	Running command: "C:\\Program Files\\Mozilla Firefox\\firefox.exe" "--marionette" "-foreground" "-no-remote" "-profile" "C:\\Users\\Jack\\AppData\\Local\\Temp\\rust_mozprofilelKqcMv"
Can't find symbol 'eglSwapBuffersWithDamageEXT'.
Can't find symbol 'eglSetDamageRegionKHR'.
console.warn: SearchSettings: "get: No settings file exists, new profile?" (new Error("", "(unknown module)"))
1611180658304	Marionette	INFO	Listening on port 61029
1611180658524	Marionette	WARN	TLS certificate errors will be ignored for this session
1611180661211	Marionette	INFO	Stopped listening on port 61029

###!!! [Child][RunMessage] Error: Channel closing: too late to send/recv, messages will be lost

1611180671029	geckodriver	INFO	Listening on 127.0.0.1:61105
1611180674051	mozrunner::runner	INFO	Running command: "C:\\Program Files\\Mozilla Firefox\\firefox.exe" "--marionette" "-foreground" "-no-remote" "-profile" "C:\\Users\\Jack\\AppData\\Local\\Temp\\rust_mozprofileb0Yj3C"
Can't find symbol 'eglSwapBuffersWithDamageEXT'.
Can't find symbol 'eglSetDamageRegionKHR'.
console.warn: SearchSettings: "get: No settings file exists, new profile?" (new Error("", "(unknown module)"))
1611180675850	Marionette	INFO	Listening on port 61113
1611180676108	Marionette	WARN	TLS certificate errors will be ignored for this session
1611180679259	Marionette	INFO	Stopped listening on port 61113

###!!! [Child][RunMessage] Error: Channel closing: too late to send/recv, messages will be lost

1611180686919	geckodriver	INFO	Listening on 127.0.0.1:61178
1611180689943	mozrunner::runner	INFO	Running command: "C:\\Program Files\\Mozilla Firefox\\firefox.exe" "--marionette" "-foreground" "-no-remote" "-profile" "C:\\Users\\Jack\\AppData\\Local\\Temp\\rust_mozprofileGeaS94"
Can't find symbol 'eglSwapBuffersWithDamageEXT'.
Can't find symbol 'eglSetDamageRegionKHR'.
console.warn: SearchSettings: "get: No settings file exists, new profile?" (new Error("", "(unknown module)"))
1611180691728	Marionette	INFO	Listening on port 61187
1611180692000	Marionette	WARN	TLS certificate errors will be ignored for this session
1611180694928	Marionette	INFO	Stopped listening on port 61187

###!!! [Child][RunMessage] Error: Channel closing: too late to send/recv, messages will be lost

1611180903263	geckodriver	INFO	Listening on 127.0.0.1:61309
1611180906267	mozrunner::runner	INFO	Running command: "C:\\Program Files\\Mozilla Firefox\\firefox.exe" "--marionette" "-foreground" "-no-remote" "-profile" "C:\\Users\\Jack\\AppData\\Local\\Temp\\rust_mozprofiled6CqOU"
Can't find symbol 'eglSwapBuffersWithDamageEXT'.
Can't find symbol 'eglSetDamageRegionKHR'.
console.warn: SearchSettings: "get: No settings file exists, new profile?" (new Error("", "(unknown module)"))
1611180908048	Marionette	INFO	Listening on port 61317
1611180908330	Marionette	WARN	TLS certificate errors will be ignored for this session
1611180911269	Marionette	INFO	Stopped listening on port 61317

###!!! [Child][RunMessage] Error: Channel closing: too late to send/recv, messages will be lost

1611180927176	geckodriver	INFO	Listening on 127.0.0.1:61380
1611180930219	mozrunner::runner	INFO	Running command: "C:\\Program Files\\Mozilla Firefox\\firefox.exe" "--marionette" "-foreground" "-no-remote" "-profile" "C:\\Users\\Jack\\AppData\\Local\\Temp\\rust_mozprofilex9OV6i"
Can't find symbol 'eglSwapBuffersWithDamageEXT'.
Can't find symbol 'eglSetDamageRegionKHR'.
console.warn: SearchSettings: "get: No settings file exists, new profile?" (new Error("", "(unknown module)"))
1611180931976	Marionette	INFO	Listening on port 61388
1611180932277	Marionette	WARN	TLS certificate errors will be ignored for this session
1611180935470	Marionette	INFO	Stopped listening on port 61388

###!!! [Child][RunMessage] Error: Channel closing: too late to send/recv, messages will be lost

1611184835028	geckodriver	INFO	Listening on 127.0.0.1:62860
1611184838053	mozrunner::runner	INFO	Running command: "C:\\Program Files\\Mozilla Firefox\\firefox.exe" "--marionette" "-foreground" "-no-remote" "-profile" "C:\\Users\\Jack\\AppData\\Local\\Temp\\rust_mozprofileM8PLhu"
Can't find symbol 'eglSwapBuffersWithDamageEXT'.
Can't find symbol 'eglSetDamageRegionKHR'.
console.warn: SearchSettings: "get: No settings file exists, new profile?" (new Error("", "(unknown module)"))
1611184839859	Marionette	INFO	Listening on port 62870
1611184840124	Marionette	WARN	TLS certificate errors will be ignored for this session
1611184842776	Marionette	INFO	Stopped listening on port 62870

###!!! [Child][RunMessage] Error: Channel closing: too late to send/recv, messages will be lost

1611184874204	geckodriver	INFO	Listening on 127.0.0.1:62949
1611184877231	mozrunner::runner	INFO	Running command: "C:\\Program Files\\Mozilla Firefox\\firefox.exe" "--marionette" "-foreground" "-no-remote" "-profile" "C:\\Users\\Jack\\AppData\\Local\\Temp\\rust_mozprofileOcg31S"
Can't find symbol 'eglSwapBuffersWithDamageEXT'.
Can't find symbol 'eglSetDamageRegionKHR'.
console.warn: SearchSettings: "get: No settings file exists, new profile?" (new Error("", "(unknown module)"))
1611184879059	Marionette	INFO	Listening on port 62960
1611184879290	Marionette	WARN	TLS certificate errors will be ignored for this session
1611184881095	Marionette	INFO	Stopped listening on port 62960

###!!! [Child][RunMessage] Error: Channel closing: too late to send/recv, messages will be lost

1611185005905	geckodriver	INFO	Listening on 127.0.0.1:63101
1611185008918	mozrunner::runner	INFO	Running command: "C:\\Program Files\\Mozilla Firefox\\firefox.exe" "--marionette" "-foreground" "-no-remote" "-profile" "C:\\Users\\Jack\\AppData\\Local\\Temp\\rust_mozprofileKGC0H5"
Can't find symbol 'eglSwapBuffersWithDamageEXT'.
Can't find symbol 'eglSetDamageRegionKHR'.
console.warn: SearchSettings: "get: No settings file exists, new profile?" (new Error("", "(unknown module)"))
1611185010759	Marionette	INFO	Listening on port 63110
1611185010972	Marionette	WARN	TLS certificate errors will be ignored for this session
1611185014856	Marionette	INFO	Stopped listening on port 63110

###!!! [Child][RunMessage] Error: Channel closing: too late to send/recv, messages will be lost

1611185093095	geckodriver	INFO	Listening on 127.0.0.1:63262
1611185096133	mozrunner::runner	INFO	Running command: "C:\\Program Files\\Mozilla Firefox\\firefox.exe" "--marionette" "-foreground" "-no-remote" "-profile" "C:\\Users\\Jack\\AppData\\Local\\Temp\\rust_mozprofile6WOTVP"
Can't find symbol 'eglSwapBuffersWithDamageEXT'.
Can't find symbol 'eglSetDamageRegionKHR'.
console.warn: SearchSettings: "get: No settings file exists, new profile?" (new Error("", "(unknown module)"))
1611185097984	Marionette	INFO	Listening on port 63272
1611185098193	Marionette	WARN	TLS certificate errors will be ignored for this session
1611185100847	Marionette	INFO	Stopped listening on port 63272

###!!! [Child][RunMessage] Error: Channel closing: too late to send/recv, messages will be lost

1611185358931	geckodriver	INFO	Listening on 127.0.0.1:63537
1611185361951	mozrunner::runner	INFO	Running command: "C:\\Program Files\\Mozilla Firefox\\firefox.exe" "--marionette" "-foreground" "-no-remote" "-profile" "C:\\Users\\Jack\\AppData\\Local\\Temp\\rust_mozprofileI9c3Ph"
Can't find symbol 'eglSwapBuffersWithDamageEXT'.
Can't find symbol 'eglSetDamageRegionKHR'.
console.warn: SearchSettings: "get: No settings file exists, new profile?" (new Error("", "(unknown module)"))
1611185363818	Marionette	INFO	Listening on port 63546
1611185364030	Marionette	WARN	TLS certificate errors will be ignored for this session
1611185366931	Marionette	INFO	Stopped listening on port 63546

###!!! [Child][RunMessage] Error: Channel closing: too late to send/recv, messages will be lost

1611185441277	geckodriver	INFO	Listening on 127.0.0.1:63668
1611185444293	mozrunner::runner	INFO	Running command: "C:\\Program Files\\Mozilla Firefox\\firefox.exe" "--marionette" "-foreground" "-no-remote" "-profile" "C:\\Users\\Jack\\AppData\\Local\\Temp\\rust_mozprofilep8AtDm"
Can't find symbol 'eglSwapBuffersWithDamageEXT'.
Can't find symbol 'eglSetDamageRegionKHR'.
console.warn: SearchSettings: "get: No settings file exists, new profile?" (new Error("", "(unknown module)"))
1611185446131	Marionette	INFO	Listening on port 63677
1611185446351	Marionette	WARN	TLS certificate errors will be ignored for this session
1611185450156	Marionette	INFO	Stopped listening on port 63677

###!!! [Child][RunMessage] Error: Channel closing: too late to send/recv, messages will be lost

1611185498120	geckodriver	INFO	Listening on 127.0.0.1:63768
1611185501138	mozrunner::runner	INFO	Running command: "C:\\Program Files\\Mozilla Firefox\\firefox.exe" "--marionette" "-foreground" "-no-remote" "-profile" "C:\\Users\\Jack\\AppData\\Local\\Temp\\rust_mozprofile0kAT1m"
Can't find symbol 'eglSwapBuffersWithDamageEXT'.
Can't find symbol 'eglSetDamageRegionKHR'.
console.warn: SearchSettings: "get: No settings file exists, new profile?" (new Error("", "(unknown module)"))
1611185502906	Marionette	INFO	Listening on port 63778
1611185503201	Marionette	WARN	TLS certificate errors will be ignored for this session
1611185506314	Marionette	INFO	Stopped listening on port 63778

###!!! [Child][RunMessage] Error: Channel closing: too late to send/recv, messages will be lost

1611185521231	geckodriver	INFO	Listening on 127.0.0.1:63846
1611185524293	mozrunner::runner	INFO	Running command: "C:\\Program Files\\Mozilla Firefox\\firefox.exe" "--marionette" "-foreground" "-no-remote" "-profile" "C:\\Users\\Jack\\AppData\\Local\\Temp\\rust_mozprofileAV5kDU"
Can't find symbol 'eglSwapBuffersWithDamageEXT'.
Can't find symbol 'eglSetDamageRegionKHR'.
console.warn: SearchSettings: "get: No settings file exists, new profile?" (new Error("", "(unknown module)"))
1611185526160	Marionette	INFO	Listening on port 63857
1611185526336	Marionette	WARN	TLS certificate errors will be ignored for this session
1611185530134	Marionette	INFO	Stopped listening on port 63857

###!!! [Child][RunMessage] Error: Channel closing: too late to send/recv, messages will be lost

1611185739041	geckodriver	INFO	Listening on 127.0.0.1:64153
1611185742074	mozrunner::runner	INFO	Running command: "C:\\Program Files\\Mozilla Firefox\\firefox.exe" "--marionette" "-foreground" "-no-remote" "-profile" "C:\\Users\\Jack\\AppData\\Local\\Temp\\rust_mozprofileQBIvcL"
Can't find symbol 'eglSwapBuffersWithDamageEXT'.
Can't find symbol 'eglSetDamageRegionKHR'.
console.warn: SearchSettings: "get: No settings file exists, new profile?" (new Error("", "(unknown module)"))
1611185743932	Marionette	INFO	Listening on port 64163
1611185744132	Marionette	WARN	TLS certificate errors will be ignored for this session
1611185747923	Marionette	INFO	Stopped listening on port 64163

###!!! [Child][RunMessage] Error: Channel closing: too late to send/recv, messages will be lost

1611185777822	geckodriver	INFO	Listening on 127.0.0.1:64470
1611185780830	mozrunner::runner	INFO	Running command: "C:\\Program Files\\Mozilla Firefox\\firefox.exe" "--marionette" "-foreground" "-no-remote" "-profile" "C:\\Users\\Jack\\AppData\\Local\\Temp\\rust_mozprofileCeIWLC"
Can't find symbol 'eglSwapBuffersWithDamageEXT'.
Can't find symbol 'eglSetDamageRegionKHR'.
console.warn: SearchSettings: "get: No settings file exists, new profile?" (new Error("", "(unknown module)"))
1611185782700	Marionette	INFO	Listening on port 64480
1611185782891	Marionette	WARN	TLS certificate errors will be ignored for this session
1611185787570	Marionette	INFO	Stopped listening on port 64480

###!!! [Child][RunMessage] Error: Channel closing: too late to send/recv, messages will be lost

1611185803712	geckodriver	INFO	Listening on 127.0.0.1:64558
1611185806704	mozrunner::runner	INFO	Running command: "C:\\Program Files\\Mozilla Firefox\\firefox.exe" "--marionette" "-foreground" "-no-remote" "-profile" "C:\\Users\\Jack\\AppData\\Local\\Temp\\rust_mozprofilekU0BtL"
Can't find symbol 'eglSwapBuffersWithDamageEXT'.
Can't find symbol 'eglSetDamageRegionKHR'.
console.warn: SearchSettings: "get: No settings file exists, new profile?" (new Error("", "(unknown module)"))
1611185808644	Marionette	INFO	Listening on port 64568
1611185808782	Marionette	WARN	TLS certificate errors will be ignored for this session
1611185814914	Marionette	INFO	Stopped listening on port 64568

###!!! [Child][RunMessage] Error: Channel closing: too late to send/recv, messages will be lost

1611186136411	geckodriver	INFO	Listening on 127.0.0.1:64969
1611186139428	mozrunner::runner	INFO	Running command: "C:\\Program Files\\Mozilla Firefox\\firefox.exe" "--marionette" "-foreground" "-no-remote" "-profile" "C:\\Users\\Jack\\AppData\\Local\\Temp\\rust_mozprofileuw0KYK"
Can't find symbol 'eglSwapBuffersWithDamageEXT'.
Can't find symbol 'eglSetDamageRegionKHR'.
console.warn: SearchSettings: "get: No settings file exists, new profile?" (new Error("", "(unknown module)"))
1611186141281	Marionette	INFO	Listening on port 64980
1611186141495	Marionette	WARN	TLS certificate errors will be ignored for this session
1611186145976	Marionette	INFO	Stopped listening on port 64980

###!!! [Child][RunMessage] Error: Channel closing: too late to send/recv, messages will be lost

1611186176754	geckodriver	INFO	Listening on 127.0.0.1:65082
1611186179763	mozrunner::runner	INFO	Running command: "C:\\Program Files\\Mozilla Firefox\\firefox.exe" "--marionette" "-foreground" "-no-remote" "-profile" "C:\\Users\\Jack\\AppData\\Local\\Temp\\rust_mozprofileMuzviK"
Can't find symbol 'eglSwapBuffersWithDamageEXT'.
Can't find symbol 'eglSetDamageRegionKHR'.
console.warn: SearchSettings: "get: No settings file exists, new profile?" (new Error("", "(unknown module)"))
1611186181542	Marionette	INFO	Listening on port 65091
1611186181825	Marionette	WARN	TLS certificate errors will be ignored for this session
1611186185874	Marionette	INFO	Stopped listening on port 65091

###!!! [Child][RunMessage] Error: Channel closing: too late to send/recv, messages will be lost

1611266096060	geckodriver	INFO	Listening on 127.0.0.1:59133
1611266099083	mozrunner::runner	INFO	Running command: "C:\\Program Files\\Mozilla Firefox\\firefox.exe" "--marionette" "-foreground" "-no-remote" "-profile" "C:\\Users\\Jack\\AppData\\Local\\Temp\\rust_mozprofilep4V6km"
Can't find symbol 'eglSwapBuffersWithDamageEXT'.
Can't find symbol 'eglSetDamageRegionKHR'.
console.warn: SearchSettings: "get: No settings file exists, new profile?" (new Error("", "(unknown module)"))
1611266102842	Marionette	INFO	Listening on port 59143
1611266103344	Marionette	WARN	TLS certificate errors will be ignored for this session
1611266107925	Marionette	INFO	Stopped listening on port 59143

###!!! [Child][RunMessage] Error: Channel closing: too late to send/recv, messages will be lost

1611267102255	geckodriver	INFO	Listening on 127.0.0.1:59935
1611267105283	mozrunner::runner	INFO	Running command: "C:\\Program Files\\Mozilla Firefox\\firefox.exe" "--marionette" "-foreground" "-no-remote" "-profile" "C:\\Users\\Jack\\AppData\\Local\\Temp\\rust_mozprofileCWR2TL"
Can't find symbol 'eglSwapBuffersWithDamageEXT'.
Can't find symbol 'eglSetDamageRegionKHR'.
console.warn: SearchSettings: "get: No settings file exists, new profile?" (new Error("", "(unknown module)"))
1611267107148	Marionette	INFO	Listening on port 59945
1611267107338	Marionette	WARN	TLS certificate errors will be ignored for this session
1611267111987	Marionette	INFO	Stopped listening on port 59945
1611267131225	geckodriver	INFO	Listening on 127.0.0.1:60029
1611267134246	mozrunner::runner	INFO	Running command: "C:\\Program Files\\Mozilla Firefox\\firefox.exe" "--marionette" "-foreground" "-no-remote" "-profile" "C:\\Users\\Jack\\AppData\\Local\\Temp\\rust_mozprofileMvRSGg"
Can't find symbol 'eglSwapBuffersWithDamageEXT'.
Can't find symbol 'eglSetDamageRegionKHR'.
console.warn: SearchSettings: "get: No settings file exists, new profile?" (new Error("", "(unknown module)"))
1611267136087	Marionette	INFO	Listening on port 60039
1611267136300	Marionette	WARN	TLS certificate errors will be ignored for this session
1611267141647	Marionette	INFO	Stopped listening on port 60039

###!!! [Child][RunMessage] Error: Channel closing: too late to send/recv, messages will be lost

1611267226663	geckodriver	INFO	Listening on 127.0.0.1:60169
1611267229677	mozrunner::runner	INFO	Running command: "C:\\Program Files\\Mozilla Firefox\\firefox.exe" "--marionette" "-foreground" "-no-remote" "-profile" "C:\\Users\\Jack\\AppData\\Local\\Temp\\rust_mozprofilebFj4mG"
Can't find symbol 'eglSwapBuffersWithDamageEXT'.
Can't find symbol 'eglSetDamageRegionKHR'.
console.warn: SearchSettings: "get: No settings file exists, new profile?" (new Error("", "(unknown module)"))
1611267231476	Marionette	INFO	Listening on port 60179
1611267231732	Marionette	WARN	TLS certificate errors will be ignored for this session
1611267236102	Marionette	INFO	Stopped listening on port 60179

###!!! [Child][RunMessage] Error: Channel closing: too late to send/recv, messages will be lost

1611267352245	geckodriver	INFO	Listening on 127.0.0.1:60337
1611267355262	mozrunner::runner	INFO	Running command: "C:\\Program Files\\Mozilla Firefox\\firefox.exe" "--marionette" "-foreground" "-no-remote" "-profile" "C:\\Users\\Jack\\AppData\\Local\\Temp\\rust_mozprofilelf6Ta8"
Can't find symbol 'eglSwapBuffersWithDamageEXT'.
Can't find symbol 'eglSetDamageRegionKHR'.
console.warn: SearchSettings: "get: No settings file exists, new profile?" (new Error("", "(unknown module)"))
1611267357089	Marionette	INFO	Listening on port 60346
1611267357329	Marionette	WARN	TLS certificate errors will be ignored for this session
1611267362401	Marionette	INFO	Stopped listening on port 60346

###!!! [Child][RunMessage] Error: Channel closing: too late to send/recv, messages will be lost

1611267963162	geckodriver	INFO	Listening on 127.0.0.1:60826
1611267966153	mozrunner::runner	INFO	Running command: "C:\\Program Files\\Mozilla Firefox\\firefox.exe" "--marionette" "-foreground" "-no-remote" "-profile" "C:\\Users\\Jack\\AppData\\Local\\Temp\\rust_mozprofileLffoBr"
Can't find symbol 'eglSwapBuffersWithDamageEXT'.
Can't find symbol 'eglSetDamageRegionKHR'.
console.warn: SearchSettings: "get: No settings file exists, new profile?" (new Error("", "(unknown module)"))
1611267968062	Marionette	INFO	Listening on port 60835
1611267968227	Marionette	WARN	TLS certificate errors will be ignored for this session
1611267972145	Marionette	INFO	Stopped listening on port 60835

###!!! [Child][RunMessage] Error: Channel closing: too late to send/recv, messages will be lost

1611267991604	geckodriver	INFO	Listening on 127.0.0.1:60921
1611267994602	mozrunner::runner	INFO	Running command: "C:\\Program Files\\Mozilla Firefox\\firefox.exe" "--marionette" "-foreground" "-no-remote" "-profile" "C:\\Users\\Jack\\AppData\\Local\\Temp\\rust_mozprofilezg6wS6"
Can't find symbol 'eglSwapBuffersWithDamageEXT'.
Can't find symbol 'eglSetDamageRegionKHR'.
console.warn: SearchSettings: "get: No settings file exists, new profile?" (new Error("", "(unknown module)"))
1611267996357	Marionette	INFO	Listening on port 60931
1611267996665	Marionette	WARN	TLS certificate errors will be ignored for this session
1611268001978	Marionette	INFO	Stopped listening on port 60931

###!!! [Child][RunMessage] Error: Channel closing: too late to send/recv, messages will be lost

1611268018535	geckodriver	INFO	Listening on 127.0.0.1:61015
1611268021537	mozrunner::runner	INFO	Running command: "C:\\Program Files\\Mozilla Firefox\\firefox.exe" "--marionette" "-foreground" "-no-remote" "-profile" "C:\\Users\\Jack\\AppData\\Local\\Temp\\rust_mozprofilepzgcb6"
Can't find symbol 'eglSwapBuffersWithDamageEXT'.
Can't find symbol 'eglSetDamageRegionKHR'.
console.warn: SearchSettings: "get: No settings file exists, new profile?" (new Error("", "(unknown module)"))
1611268023430	Marionette	INFO	Listening on port 61024
1611268023596	Marionette	WARN	TLS certificate errors will be ignored for this session
1611268028218	Marionette	INFO	Stopped listening on port 61024

###!!! [Child][RunMessage] Error: Channel closing: too late to send/recv, messages will be lost

1611269519006	geckodriver	INFO	Listening on 127.0.0.1:62113
1611269522020	mozrunner::runner	INFO	Running command: "C:\\Program Files\\Mozilla Firefox\\firefox.exe" "--marionette" "-foreground" "-no-remote" "-profile" "C:\\Users\\Jack\\AppData\\Local\\Temp\\rust_mozprofile416yHC"
Can't find symbol 'eglSwapBuffersWithDamageEXT'.
Can't find symbol 'eglSetDamageRegionKHR'.
console.warn: SearchSettings: "get: No settings file exists, new profile?" (new Error("", "(unknown module)"))
1611269523954	Marionette	INFO	Listening on port 62124
1611269524075	Marionette	WARN	TLS certificate errors will be ignored for this session
1611269533518	Marionette	INFO	Stopped listening on port 62124

###!!! [Child][RunMessage] Error: Channel closing: too late to send/recv, messages will be lost

1611269649144	geckodriver	INFO	Listening on 127.0.0.1:62295
1611269652154	mozrunner::runner	INFO	Running command: "C:\\Program Files\\Mozilla Firefox\\firefox.exe" "--marionette" "-foreground" "-no-remote" "-profile" "C:\\Users\\Jack\\AppData\\Local\\Temp\\rust_mozprofilebgdTX0"
Can't find symbol 'eglSwapBuffersWithDamageEXT'.
Can't find symbol 'eglSetDamageRegionKHR'.
console.warn: SearchSettings: "get: No settings file exists, new profile?" (new Error("", "(unknown module)"))
1611269653971	Marionette	INFO	Listening on port 62305
1611269654204	Marionette	WARN	TLS certificate errors will be ignored for this session
1611269662844	Marionette	INFO	Stopped listening on port 62305
1611269703855	geckodriver	INFO	Listening on 127.0.0.1:62436
1611269706870	mozrunner::runner	INFO	Running command: "C:\\Program Files\\Mozilla Firefox\\firefox.exe" "--marionette" "-foreground" "-no-remote" "-profile" "C:\\Users\\Jack\\AppData\\Local\\Temp\\rust_mozprofileBPqksv"
Can't find symbol 'eglSwapBuffersWithDamageEXT'.
Can't find symbol 'eglSetDamageRegionKHR'.
console.warn: SearchSettings: "get: No settings file exists, new profile?" (new Error("", "(unknown module)"))
1611269708713	Marionette	INFO	Listening on port 62445
1611269708924	Marionette	WARN	TLS certificate errors will be ignored for this session
1611269717852	Marionette	INFO	Stopped listening on port 62445

###!!! [Child][RunMessage] Error: Channel closing: too late to send/recv, messages will be lost

1612120993011	geckodriver	INFO	Listening on 127.0.0.1:61631
1612120996009	mozrunner::runner	INFO	Running command: "C:\\Program Files\\Mozilla Firefox\\firefox.exe" "--marionette" "-foreground" "-no-remote" "-profile" "C:\\Users\\Jack\\AppData\\Local\\Temp\\rust_mozprofile8ytVpW"
Can't find symbol 'eglSwapBuffersWithDamageEXT'.
Can't find symbol 'eglSetDamageRegionKHR'.
console.warn: SearchSettings: "get: No settings file exists, new profile?" (new Error("", "(unknown module)"))
1612120998394	Marionette	INFO	Listening on port 61639
1612120998684	Marionette	WARN	TLS certificate errors will be ignored for this session
1612121009363	Marionette	INFO	Stopped listening on port 61639

###!!! [Child][RunMessage] Error: Channel closing: too late to send/recv, messages will be lost

1612121050931	geckodriver	INFO	Listening on 127.0.0.1:61748
1612121053958	mozrunner::runner	INFO	Running command: "C:\\Program Files\\Mozilla Firefox\\firefox.exe" "--marionette" "-foreground" "-no-remote" "-profile" "C:\\Users\\Jack\\AppData\\Local\\Temp\\rust_mozprofile2JbWJV"
Can't find symbol 'eglSwapBuffersWithDamageEXT'.
Can't find symbol 'eglSetDamageRegionKHR'.
console.warn: SearchSettings: "get: No settings file exists, new profile?" (new Error("", "(unknown module)"))
1612121055696	Marionette	INFO	Listening on port 61756
1612121056034	Marionette	WARN	TLS certificate errors will be ignored for this session
1612121058675	Marionette	INFO	Stopped listening on port 61756

###!!! [Child][RunMessage] Error: Channel closing: too late to send/recv, messages will be lost

1612136627773	geckodriver	INFO	Listening on 127.0.0.1:49582
1612136630797	mozrunner::runner	INFO	Running command: "C:\\Program Files\\Mozilla Firefox\\firefox.exe" "--marionette" "-foreground" "-no-remote" "-profile" "C:\\Users\\Jack\\AppData\\Local\\Temp\\rust_mozprofilevpUYUQ"
Can't find symbol 'eglSwapBuffersWithDamageEXT'.
Can't find symbol 'eglSetDamageRegionKHR'.
console.warn: SearchSettings: "get: No settings file exists, new profile?" (new Error("", "(unknown module)"))
1612136632640	Marionette	INFO	Listening on port 49591
1612136632867	Marionette	WARN	TLS certificate errors will be ignored for this session
1612136632939	Marionette	INFO	Stopped listening on port 49591
JavaScript error: resource://activity-stream/lib/ASRouter.jsm, line 987: NS_ERROR_ILLEGAL_VALUE: Component returned failure code: 0x80070057 (NS_ERROR_ILLEGAL_VALUE) [nsIObserverService.removeObserver]

###!!! [Child][RunMessage] Error: Channel closing: too late to send/recv, messages will be lost

1612136659582	geckodriver	INFO	Listening on 127.0.0.1:49632
1612136662600	mozrunner::runner	INFO	Running command: "C:\\Program Files\\Mozilla Firefox\\firefox.exe" "--marionette" "-foreground" "-no-remote" "-profile" "C:\\Users\\Jack\\AppData\\Local\\Temp\\rust_mozprofileYY7s0v"
Can't find symbol 'eglSwapBuffersWithDamageEXT'.
Can't find symbol 'eglSetDamageRegionKHR'.
console.warn: SearchSettings: "get: No settings file exists, new profile?" (new Error("", "(unknown module)"))
1612136664385	Marionette	INFO	Listening on port 49640
1612136664665	Marionette	WARN	TLS certificate errors will be ignored for this session
1612136664741	Marionette	INFO	Stopped listening on port 49640
JavaScript error: resource://activity-stream/lib/ASRouter.jsm, line 987: NS_ERROR_ILLEGAL_VALUE: Component returned failure code: 0x80070057 (NS_ERROR_ILLEGAL_VALUE) [nsIObserverService.removeObserver]

###!!! [Child][RunMessage] Error: Channel closing: too late to send/recv, messages will be lost

1612136756613	geckodriver	INFO	Listening on 127.0.0.1:49905
1612136759641	mozrunner::runner	INFO	Running command: "C:\\Program Files\\Mozilla Firefox\\firefox.exe" "--marionette" "-foreground" "-no-remote" "-profile" "C:\\Users\\Jack\\AppData\\Local\\Temp\\rust_mozprofileyYul63"
Can't find symbol 'eglSwapBuffersWithDamageEXT'.
Can't find symbol 'eglSetDamageRegionKHR'.
console.warn: SearchSettings: "get: No settings file exists, new profile?" (new Error("", "(unknown module)"))
1612136761473	Marionette	INFO	Listening on port 49913
1612136761721	Marionette	WARN	TLS certificate errors will be ignored for this session
1612136761799	Marionette	INFO	Stopped listening on port 49913
JavaScript error: resource://activity-stream/lib/ASRouter.jsm, line 987: NS_ERROR_ILLEGAL_VALUE: Component returned failure code: 0x80070057 (NS_ERROR_ILLEGAL_VALUE) [nsIObserverService.removeObserver]
console.warn: services.settings: main/whats-new-panel sync interrupted by shutdown

###!!! [Child][RunMessage] Error: Channel closing: too late to send/recv, messages will be lost

1612136779233	geckodriver	INFO	Listening on 127.0.0.1:49951
1612136782252	mozrunner::runner	INFO	Running command: "C:\\Program Files\\Mozilla Firefox\\firefox.exe" "--marionette" "-foreground" "-no-remote" "-profile" "C:\\Users\\Jack\\AppData\\Local\\Temp\\rust_mozprofile5QgB3w"
Can't find symbol 'eglSwapBuffersWithDamageEXT'.
Can't find symbol 'eglSetDamageRegionKHR'.
console.warn: SearchSettings: "get: No settings file exists, new profile?" (new Error("", "(unknown module)"))
1612136784079	Marionette	INFO	Listening on port 49959
1612136784311	Marionette	WARN	TLS certificate errors will be ignored for this session
1612136784389	Marionette	INFO	Stopped listening on port 49959
JavaScript error: resource://activity-stream/lib/ASRouter.jsm, line 987: NS_ERROR_ILLEGAL_VALUE: Component returned failure code: 0x80070057 (NS_ERROR_ILLEGAL_VALUE) [nsIObserverService.removeObserver]
console.warn: services.settings: main/whats-new-panel sync interrupted by shutdown

###!!! [Child][RunMessage] Error: Channel closing: too late to send/recv, messages will be lost

1612136810713	geckodriver	INFO	Listening on 127.0.0.1:50066
1612136813740	mozrunner::runner	INFO	Running command: "C:\\Program Files\\Mozilla Firefox\\firefox.exe" "--marionette" "-foreground" "-no-remote" "-profile" "C:\\Users\\Jack\\AppData\\Local\\Temp\\rust_mozprofileqsFKSY"
Can't find symbol 'eglSwapBuffersWithDamageEXT'.
Can't find symbol 'eglSetDamageRegionKHR'.
console.warn: SearchSettings: "get: No settings file exists, new profile?" (new Error("", "(unknown module)"))
1612136815616	Marionette	INFO	Listening on port 50074
1612136815819	Marionette	WARN	TLS certificate errors will be ignored for this session
1612136821235	Marionette	INFO	Stopped listening on port 50074

###!!! [Child][RunMessage] Error: Channel closing: too late to send/recv, messages will be lost

1612136867983	geckodriver	INFO	Listening on 127.0.0.1:50162
1612136871048	mozrunner::runner	INFO	Running command: "C:\\Program Files\\Mozilla Firefox\\firefox.exe" "--marionette" "-foreground" "-no-remote" "-profile" "C:\\Users\\Jack\\AppData\\Local\\Temp\\rust_mozprofileMueyFL"
Can't find symbol 'eglSwapBuffersWithDamageEXT'.
Can't find symbol 'eglSetDamageRegionKHR'.
console.warn: SearchSettings: "get: No settings file exists, new profile?" (new Error("", "(unknown module)"))
1612136872884	Marionette	INFO	Listening on port 50171
1612136873108	Marionette	WARN	TLS certificate errors will be ignored for this session
1612136878507	Marionette	INFO	Stopped listening on port 50171

###!!! [Child][RunMessage] Error: Channel closing: too late to send/recv, messages will be lost

1612137269287	geckodriver	INFO	Listening on 127.0.0.1:50335
1612137272296	mozrunner::runner	INFO	Running command: "C:\\Program Files\\Mozilla Firefox\\firefox.exe" "--marionette" "-foreground" "-no-remote" "-profile" "C:\\Users\\Jack\\AppData\\Local\\Temp\\rust_mozprofileVo9eyO"
Can't find symbol 'eglSwapBuffersWithDamageEXT'.
Can't find symbol 'eglSetDamageRegionKHR'.
console.warn: SearchSettings: "get: No settings file exists, new profile?" (new Error("", "(unknown module)"))
1612137274140	Marionette	INFO	Listening on port 50343
1612137274358	Marionette	WARN	TLS certificate errors will be ignored for this session
1612137279705	Marionette	INFO	Stopped listening on port 50343

###!!! [Child][RunMessage] Error: Channel closing: too late to send/recv, messages will be lost

1612137910206	geckodriver	INFO	Listening on 127.0.0.1:50570
1612137913247	mozrunner::runner	INFO	Running command: "C:\\Program Files\\Mozilla Firefox\\firefox.exe" "--marionette" "-foreground" "-no-remote" "-profile" "C:\\Users\\Jack\\AppData\\Local\\Temp\\rust_mozprofile0TSBc3"
Can't find symbol 'eglSwapBuffersWithDamageEXT'.
Can't find symbol 'eglSetDamageRegionKHR'.
console.warn: SearchSettings: "get: No settings file exists, new profile?" (new Error("", "(unknown module)"))
1612137915115	Marionette	INFO	Listening on port 50578
1612137915306	Marionette	WARN	TLS certificate errors will be ignored for this session
1612137921839	Marionette	INFO	Stopped listening on port 50578

###!!! [Child][RunMessage] Error: Channel closing: too late to send/recv, messages will be lost

1612540390608	geckodriver	INFO	Listening on 127.0.0.1:62990
1612540393593	mozrunner::runner	INFO	Running command: "C:\\Program Files\\Mozilla Firefox\\firefox.exe" "--marionette" "-foreground" "-no-remote" "-profile" "C:\\Users\\Jack\\AppData\\Local\\Temp\\rust_mozprofileeWS2lx"
Can't find symbol 'eglSwapBuffersWithDamageEXT'.
Can't find symbol 'eglSetDamageRegionKHR'.
console.warn: SearchSettings: "get: No settings file exists, new profile?" (new Error("", "(unknown module)"))
1612540396304	Marionette	INFO	Listening on port 62998
1612540396765	Marionette	WARN	TLS certificate errors will be ignored for this session
1612540406565	Marionette	INFO	Stopped listening on port 62998
[Parent 24212, Gecko_IOThread] WARNING: file /builds/worker/checkouts/gecko/ipc/chromium/src/base/process_util_win.cc:166

###!!! [Child][RunMessage] Error: Channel closing: too late to send/recv, messages will be lost

1612637005224	geckodriver	INFO	Listening on 127.0.0.1:55392
1612637008240	mozrunner::runner	INFO	Running command: "C:\\Program Files\\Mozilla Firefox\\firefox.exe" "--marionette" "-foreground" "-no-remote" "-profile" "C:\\Users\\Jack\\AppData\\Local\\Temp\\rust_mozprofilepiXXPI"
Can't find symbol 'eglSwapBuffersWithDamageEXT'.
Can't find symbol 'eglSetDamageRegionKHR'.
console.warn: SearchSettings: "get: No settings file exists, new profile?" (new Error("", "(unknown module)"))
1612637010662	Marionette	INFO	Listening on port 55416
1612637010927	Marionette	WARN	TLS certificate errors will be ignored for this session
1612637011299	Marionette	INFO	Stopped listening on port 55416

###!!! [Child][RunMessage] Error: Channel closing: too late to send/recv, messages will be lost

1617476110794	geckodriver	INFO	Listening on 127.0.0.1:34775
1617476110797	mozrunner::runner	INFO	Running command: "/usr/bin/firefox" "--marionette" "-foreground" "-no-remote" "-profile" "/tmp/rust_mozprofileDZzTKQ"
console.warn: SearchSettings: "get: No settings file exists, new profile?" (new Error("", "(unknown module)"))
1617476112297	Marionette	INFO	Listening on port 43547
1617476112328	Marionette	WARN	TLS certificate errors will be ignored for this session
1617476112611	Marionette	INFO	Stopped listening on port 43547
1617476203054	geckodriver	INFO	Listening on 127.0.0.1:37331
1617476203056	mozrunner::runner	INFO	Running command: "/usr/bin/firefox" "--marionette" "-foreground" "-no-remote" "-profile" "/tmp/rust_mozprofileqSonw9"
console.warn: SearchSettings: "get: No settings file exists, new profile?" (new Error("", "(unknown module)"))
1617476204465	Marionette	INFO	Listening on port 34389
1617476204577	Marionette	WARN	TLS certificate errors will be ignored for this session
1617476205459	Marionette	INFO	Stopped listening on port 34389
JavaScript error: resource://activity-stream/lib/ASRouter.jsm, line 988: NS_ERROR_ILLEGAL_VALUE: Component returned failure code: 0x80070057 (NS_ERROR_ILLEGAL_VALUE) [nsIObserverService.removeObserver]
1617476556308	geckodriver	INFO	Listening on 127.0.0.1:59255
1617476556311	mozrunner::runner	INFO	Running command: "/usr/bin/firefox" "--marionette" "-foreground" "-no-remote" "-profile" "/tmp/rust_mozprofilerGGD7C"
console.warn: SearchSettings: "get: No settings file exists, new profile?" (new Error("", "(unknown module)"))
1617476557878	Marionette	INFO	Listening on port 41831
1617476557932	Marionette	WARN	TLS certificate errors will be ignored for this session
1617476558247	Marionette	INFO	Stopped listening on port 41831
1617476601920	geckodriver	INFO	Listening on 127.0.0.1:45853
1617476601923	mozrunner::runner	INFO	Running command: "/usr/bin/firefox" "--marionette" "-foreground" "-no-remote" "-profile" "/tmp/rust_mozprofile2WPsJW"
console.warn: SearchSettings: "get: No settings file exists, new profile?" (new Error("", "(unknown module)"))
1617476603428	Marionette	INFO	Listening on port 39523
1617476603545	Marionette	WARN	TLS certificate errors will be ignored for this session
1617476603822	Marionette	INFO	Stopped listening on port 39523
1617476726991	geckodriver	INFO	Listening on 127.0.0.1:51765
1617476726993	mozrunner::runner	INFO	Running command: "/usr/bin/firefox" "--marionette" "-foreground" "-no-remote" "-profile" "/tmp/rust_mozprofileKd6Yeq"
console.warn: SearchSettings: "get: No settings file exists, new profile?" (new Error("", "(unknown module)"))
1617476728488	Marionette	INFO	Listening on port 39727
1617476728510	Marionette	WARN	TLS certificate errors will be ignored for this session
1617476736514	Marionette	INFO	Stopped listening on port 39727
1617490209755	geckodriver	INFO	Listening on 127.0.0.1:49171
1617490209758	mozrunner::runner	INFO	Running command: "/usr/bin/firefox" "--marionette" "-foreground" "-no-remote" "-profile" "/tmp/rust_mozprofileruSZB6"
console.warn: SearchSettings: "get: No settings file exists, new profile?" (new Error("", "(unknown module)"))
1617490211536	Marionette	INFO	Listening on port 39145
1617490211585	Marionette	WARN	TLS certificate errors will be ignored for this session
1617490224688	Marionette	INFO	Stopped listening on port 39145
1617490895985	geckodriver	INFO	Listening on 127.0.0.1:41257
1617490895988	mozrunner::runner	INFO	Running command: "/usr/bin/firefox" "--marionette" "--headless" "-foreground" "-no-remote" "-profile" "/tmp/rust_mozprofileZpOZtD"
*** You are running in headless mode.

(/usr/lib/firefox/firefox:220009): GLib-GObject-CRITICAL **: 00:01:36.631: g_object_set: assertion 'G_IS_OBJECT (object)' failed

(/usr/lib/firefox/firefox:220030): GLib-GObject-CRITICAL **: 00:01:36.710: g_object_set: assertion 'G_IS_OBJECT (object)' failed
console.warn: SearchSettings: "get: No settings file exists, new profile?" (new Error("", "(unknown module)"))
1617490897394	Marionette	INFO	Listening on port 43861
1617490897511	Marionette	WARN	TLS certificate errors will be ignored for this session

(/usr/lib/firefox/firefox:220114): GLib-GObject-CRITICAL **: 00:01:37.615: g_object_set: assertion 'G_IS_OBJECT (object)' failed
1617490907544	Marionette	INFO	Stopped listening on port 43861
1617490930612	geckodriver	INFO	Listening on 127.0.0.1:55289
1617490930615	mozrunner::runner	INFO	Running command: "/usr/bin/firefox" "--marionette" "--headless" "-foreground" "-no-remote" "-profile" "/tmp/rust_mozprofileKFKgeZ"
*** You are running in headless mode.

(/usr/lib/firefox/firefox:220690): GLib-GObject-CRITICAL **: 00:02:11.280: g_object_set: assertion 'G_IS_OBJECT (object)' failed

(/usr/lib/firefox/firefox:220711): GLib-GObject-CRITICAL **: 00:02:11.355: g_object_set: assertion 'G_IS_OBJECT (object)' failed
console.warn: SearchSettings: "get: No settings file exists, new profile?" (new Error("", "(unknown module)"))
1617490932054	Marionette	INFO	Listening on port 46371
1617490932135	Marionette	WARN	TLS certificate errors will be ignored for this session

(/usr/lib/firefox/firefox:220793): GLib-GObject-CRITICAL **: 00:02:12.274: g_object_set: assertion 'G_IS_OBJECT (object)' failed
1617490934946	Marionette	INFO	Stopped listening on port 46371
1617490975583	geckodriver	INFO	Listening on 127.0.0.1:49991
1617490975586	mozrunner::runner	INFO	Running command: "/usr/bin/firefox" "--marionette" "--headless" "-foreground" "-no-remote" "-profile" "/tmp/rust_mozprofileQtZqFK"
*** You are running in headless mode.

(/usr/lib/firefox/firefox:221424): GLib-GObject-CRITICAL **: 00:02:56.241: g_object_set: assertion 'G_IS_OBJECT (object)' failed

(/usr/lib/firefox/firefox:221445): GLib-GObject-CRITICAL **: 00:02:56.311: g_object_set: assertion 'G_IS_OBJECT (object)' failed
console.warn: SearchSettings: "get: No settings file exists, new profile?" (new Error("", "(unknown module)"))
1617490976962	Marionette	INFO	Listening on port 35961
1617490977007	Marionette	WARN	TLS certificate errors will be ignored for this session

(/usr/lib/firefox/firefox:221527): GLib-GObject-CRITICAL **: 00:02:57.234: g_object_set: assertion 'G_IS_OBJECT (object)' failed
1617490980722	Marionette	INFO	Stopped listening on port 35961
1617491022365	geckodriver	INFO	Listening on 127.0.0.1:44015
1617491022368	mozrunner::runner	INFO	Running command: "/usr/bin/firefox" "--marionette" "--headless" "-foreground" "-no-remote" "-profile" "/tmp/rust_mozprofileYoSP9J"
*** You are running in headless mode.

(/usr/lib/firefox/firefox:222232): GLib-GObject-CRITICAL **: 00:03:43.043: g_object_set: assertion 'G_IS_OBJECT (object)' failed

(/usr/lib/firefox/firefox:222253): GLib-GObject-CRITICAL **: 00:03:43.109: g_object_set: assertion 'G_IS_OBJECT (object)' failed
console.warn: SearchSettings: "get: No settings file exists, new profile?" (new Error("", "(unknown module)"))
1617491023810	Marionette	INFO	Listening on port 45975
1617491023893	Marionette	WARN	TLS certificate errors will be ignored for this session

(/usr/lib/firefox/firefox:222339): GLib-GObject-CRITICAL **: 00:03:44.060: g_object_set: assertion 'G_IS_OBJECT (object)' failed
1617491026089	Marionette	INFO	Stopped listening on port 45975
1617491087249	geckodriver	INFO	Listening on 127.0.0.1:36835
1617491087252	mozrunner::runner	INFO	Running command: "/usr/bin/firefox" "--marionette" "--headless" "-foreground" "-no-remote" "-profile" "/tmp/rust_mozprofileZb0YHD"
*** You are running in headless mode.

(/usr/lib/firefox/firefox:223256): GLib-GObject-CRITICAL **: 00:04:47.906: g_object_set: assertion 'G_IS_OBJECT (object)' failed

(/usr/lib/firefox/firefox:223277): GLib-GObject-CRITICAL **: 00:04:47.980: g_object_set: assertion 'G_IS_OBJECT (object)' failed
console.warn: SearchSettings: "get: No settings file exists, new profile?" (new Error("", "(unknown module)"))
1617491088614	Marionette	INFO	Listening on port 43249
1617491088680	Marionette	WARN	TLS certificate errors will be ignored for this session

(/usr/lib/firefox/firefox:223359): GLib-GObject-CRITICAL **: 00:04:48.869: g_object_set: assertion 'G_IS_OBJECT (object)' failed
1617491100121	Marionette	INFO	Stopped listening on port 43249
1617491124569	geckodriver	INFO	Listening on 127.0.0.1:53273
1617491124571	mozrunner::runner	INFO	Running command: "/usr/bin/firefox" "--marionette" "--headless" "-foreground" "-no-remote" "-profile" "/tmp/rust_mozprofile1lTLmA"
*** You are running in headless mode.

(/usr/lib/firefox/firefox:223984): GLib-GObject-CRITICAL **: 00:05:25.237: g_object_set: assertion 'G_IS_OBJECT (object)' failed

(/usr/lib/firefox/firefox:224005): GLib-GObject-CRITICAL **: 00:05:25.315: g_object_set: assertion 'G_IS_OBJECT (object)' failed
console.warn: SearchSettings: "get: No settings file exists, new profile?" (new Error("", "(unknown module)"))
1617491125850	Marionette	INFO	Listening on port 40653
1617491125892	Marionette	WARN	TLS certificate errors will be ignored for this session

(/usr/lib/firefox/firefox:224086): GLib-GObject-CRITICAL **: 00:05:26.223: g_object_set: assertion 'G_IS_OBJECT (object)' failed
1617491137467	Marionette	INFO	Stopped listening on port 40653
1617491517796	geckodriver	INFO	Listening on 127.0.0.1:51573
1617491517799	mozrunner::runner	INFO	Running command: "/usr/bin/firefox" "--marionette" "--headless" "-foreground" "-no-remote" "-profile" "/tmp/rust_mozprofiled3dXuH"
*** You are running in headless mode.

(/usr/lib/firefox/firefox:228169): GLib-GObject-CRITICAL **: 00:11:58.477: g_object_set: assertion 'G_IS_OBJECT (object)' failed

(/usr/lib/firefox/firefox:228190): GLib-GObject-CRITICAL **: 00:11:58.557: g_object_set: assertion 'G_IS_OBJECT (object)' failed
console.warn: SearchSettings: "get: No settings file exists, new profile?" (new Error("", "(unknown module)"))
1617491519208	Marionette	INFO	Listening on port 38601
1617491519319	Marionette	WARN	TLS certificate errors will be ignored for this session

(/usr/lib/firefox/firefox:228289): GLib-GObject-CRITICAL **: 00:11:59.442: g_object_set: assertion 'G_IS_OBJECT (object)' failed
1617491528266	Marionette	INFO	Stopped listening on port 38601
1617491888215	geckodriver	INFO	Listening on 127.0.0.1:50963
1617491888218	mozrunner::runner	INFO	Running command: "/usr/bin/firefox" "--marionette" "--headless" "-foreground" "-no-remote" "-profile" "/tmp/rust_mozprofilePI690i"
*** You are running in headless mode.

(/usr/lib/firefox/firefox:233384): GLib-GObject-CRITICAL **: 00:18:08.905: g_object_set: assertion 'G_IS_OBJECT (object)' failed

(/usr/lib/firefox/firefox:233405): GLib-GObject-CRITICAL **: 00:18:08.970: g_object_set: assertion 'G_IS_OBJECT (object)' failed
console.warn: SearchSettings: "get: No settings file exists, new profile?" (new Error("", "(unknown module)"))
1617491889698	Marionette	INFO	Listening on port 33077
1617491889737	Marionette	WARN	TLS certificate errors will be ignored for this session

(/usr/lib/firefox/firefox:233484): GLib-GObject-CRITICAL **: 00:18:09.978: g_object_set: assertion 'G_IS_OBJECT (object)' failed
console.error: Region.jsm: "Error fetching region" (new Error("TIMEOUT", "resource://gre/modules/Region.jsm", 775))
console.error: Region.jsm: "Failed to fetch region" (new Error("TIMEOUT", "resource://gre/modules/Region.jsm", 422))
1617491912275	Marionette	INFO	Stopped listening on port 33077
1617492137194	geckodriver	INFO	Listening on 127.0.0.1:54823
1617492137197	mozrunner::runner	INFO	Running command: "/usr/bin/firefox" "--marionette" "--headless" "-foreground" "-no-remote" "-profile" "/tmp/rust_mozprofileVEuXwP"
*** You are running in headless mode.

(/usr/lib/firefox/firefox:236195): GLib-GObject-CRITICAL **: 00:22:17.847: g_object_set: assertion 'G_IS_OBJECT (object)' failed

(/usr/lib/firefox/firefox:236216): GLib-GObject-CRITICAL **: 00:22:17.920: g_object_set: assertion 'G_IS_OBJECT (object)' failed
console.warn: SearchSettings: "get: No settings file exists, new profile?" (new Error("", "(unknown module)"))
1617492138674	Marionette	INFO	Listening on port 41549
1617492138722	Marionette	WARN	TLS certificate errors will be ignored for this session

(/usr/lib/firefox/firefox:236318): GLib-GObject-CRITICAL **: 00:22:18.839: g_object_set: assertion 'G_IS_OBJECT (object)' failed
1617492147593	Marionette	INFO	Stopped listening on port 41549
1617492539616	geckodriver	INFO	Listening on 127.0.0.1:45227
1617492539619	mozrunner::runner	INFO	Running command: "/usr/bin/firefox" "--marionette" "--headless" "-foreground" "-no-remote" "-profile" "/tmp/rust_mozprofileBTmTao"
*** You are running in headless mode.

(/usr/lib/firefox/firefox:242150): GLib-GObject-CRITICAL **: 00:29:00.257: g_object_set: assertion 'G_IS_OBJECT (object)' failed

(/usr/lib/firefox/firefox:242171): GLib-GObject-CRITICAL **: 00:29:00.332: g_object_set: assertion 'G_IS_OBJECT (object)' failed
console.warn: SearchSettings: "get: No settings file exists, new profile?" (new Error("", "(unknown module)"))
1617492540993	Marionette	INFO	Listening on port 34499
1617492541042	Marionette	WARN	TLS certificate errors will be ignored for this session

(/usr/lib/firefox/firefox:242256): GLib-GObject-CRITICAL **: 00:29:01.253: g_object_set: assertion 'G_IS_OBJECT (object)' failed
1617492543402	Marionette	INFO	Stopped listening on port 34499
1617492581303	geckodriver	INFO	Listening on 127.0.0.1:36281
1617492581306	mozrunner::runner	INFO	Running command: "/usr/bin/firefox" "--marionette" "--headless" "-foreground" "-no-remote" "-profile" "/tmp/rust_mozprofilexME1sI"
*** You are running in headless mode.

(/usr/lib/firefox/firefox:242884): GLib-GObject-CRITICAL **: 00:29:41.977: g_object_set: assertion 'G_IS_OBJECT (object)' failed

(/usr/lib/firefox/firefox:242905): GLib-GObject-CRITICAL **: 00:29:42.052: g_object_set: assertion 'G_IS_OBJECT (object)' failed
console.warn: SearchSettings: "get: No settings file exists, new profile?" (new Error("", "(unknown module)"))
1617492582703	Marionette	INFO	Listening on port 42403
1617492582731	Marionette	WARN	TLS certificate errors will be ignored for this session

(/usr/lib/firefox/firefox:243004): GLib-GObject-CRITICAL **: 00:29:42.963: g_object_set: assertion 'G_IS_OBJECT (object)' failed
1617492591916	Marionette	INFO	Stopped listening on port 42403
1617492648995	geckodriver	INFO	Listening on 127.0.0.1:40153
1617492648998	mozrunner::runner	INFO	Running command: "/usr/bin/firefox" "--marionette" "--headless" "-foreground" "-no-remote" "-profile" "/tmp/rust_mozprofileVgSw3z"
*** You are running in headless mode.

(/usr/lib/firefox/firefox:243843): GLib-GObject-CRITICAL **: 00:30:49.659: g_object_set: assertion 'G_IS_OBJECT (object)' failed

(/usr/lib/firefox/firefox:243864): GLib-GObject-CRITICAL **: 00:30:49.731: g_object_set: assertion 'G_IS_OBJECT (object)' failed
console.warn: SearchSettings: "get: No settings file exists, new profile?" (new Error("", "(unknown module)"))
1617492650391	Marionette	INFO	Listening on port 45179
1617492650420	Marionette	WARN	TLS certificate errors will be ignored for this session

(/usr/lib/firefox/firefox:243963): GLib-GObject-CRITICAL **: 00:30:50.642: g_object_set: assertion 'G_IS_OBJECT (object)' failed
1617492658406	Marionette	INFO	Stopped listening on port 45179
1617492685071	geckodriver	INFO	Listening on 127.0.0.1:32827
1617492685074	mozrunner::runner	INFO	Running command: "/usr/bin/firefox" "--marionette" "--headless" "-foreground" "-no-remote" "-profile" "/tmp/rust_mozprofile0dJiGB"
*** You are running in headless mode.

(/usr/lib/firefox/firefox:244524): GLib-GObject-CRITICAL **: 00:31:25.725: g_object_set: assertion 'G_IS_OBJECT (object)' failed

(/usr/lib/firefox/firefox:244545): GLib-GObject-CRITICAL **: 00:31:25.820: g_object_set: assertion 'G_IS_OBJECT (object)' failed
console.warn: SearchSettings: "get: No settings file exists, new profile?" (new Error("", "(unknown module)"))
1617492686442	Marionette	INFO	Listening on port 39453
1617492686499	Marionette	WARN	TLS certificate errors will be ignored for this session

(/usr/lib/firefox/firefox:244643): GLib-GObject-CRITICAL **: 00:31:26.714: g_object_set: assertion 'G_IS_OBJECT (object)' failed
1617492695665	Marionette	INFO	Stopped listening on port 39453
1617649735192	geckodriver	INFO	Listening on 127.0.0.1:53475
1617649736191	mozrunner::runner	INFO	Running command: "/usr/bin/firefox" "--marionette" "--headless" "-foreground" "-no-remote" "-profile" "/tmp/rust_mozprofileQBm11d"
*** You are running in headless mode.

(/usr/lib/firefox/firefox:47659): GLib-GObject-CRITICAL **: 20:08:56.831: g_object_set: assertion 'G_IS_OBJECT (object)' failed

(/usr/lib/firefox/firefox:47680): GLib-GObject-CRITICAL **: 20:08:56.902: g_object_set: assertion 'G_IS_OBJECT (object)' failed
console.warn: SearchSettings: "get: No settings file exists, new profile?" (new Error("", "(unknown module)"))
1617649737547	Marionette	INFO	Listening on port 44915
1617649737611	Marionette	WARN	TLS certificate errors will be ignored for this session

(/usr/lib/firefox/firefox:47760): GLib-GObject-CRITICAL **: 20:08:57.818: g_object_set: assertion 'G_IS_OBJECT (object)' failed
1617649739681	Marionette	INFO	Stopped listening on port 44915
1617649795907	geckodriver	INFO	Listening on 127.0.0.1:45169
1617649795910	mozrunner::runner	INFO	Running command: "/usr/bin/firefox" "--marionette" "-foreground" "-no-remote" "-profile" "/tmp/rust_mozprofileebB2C2"
console.warn: SearchSettings: "get: No settings file exists, new profile?" (new Error("", "(unknown module)"))
1617649797323	Marionette	INFO	Listening on port 36743
1617649797428	Marionette	WARN	TLS certificate errors will be ignored for this session
1617649799513	Marionette	INFO	Stopped listening on port 36743
1617649819822	geckodriver	INFO	Listening on 127.0.0.1:44551
1617649819826	mozrunner::runner	INFO	Running command: "/usr/bin/firefox" "--marionette" "-foreground" "-no-remote" "-profile" "/tmp/rust_mozprofilezQUMgz"
console.warn: SearchSettings: "get: No settings file exists, new profile?" (new Error("", "(unknown module)"))
1617649821280	Marionette	INFO	Listening on port 45573
1617649821348	Marionette	WARN	TLS certificate errors will be ignored for this session
1617649830666	Marionette	INFO	Stopped listening on port 45573
1617651107951	geckodriver	INFO	Listening on 127.0.0.1:49885
1617651107953	mozrunner::runner	INFO	Running command: "/usr/bin/firefox" "--marionette" "--headless" "-foreground" "-no-remote" "-profile" "/tmp/rust_mozprofileNKHHM5"
*** You are running in headless mode.

(/usr/lib/firefox/firefox:54230): GLib-GObject-CRITICAL **: 20:31:48.606: g_object_set: assertion 'G_IS_OBJECT (object)' failed

(/usr/lib/firefox/firefox:54251): GLib-GObject-CRITICAL **: 20:31:48.690: g_object_set: assertion 'G_IS_OBJECT (object)' failed
console.warn: SearchSettings: "get: No settings file exists, new profile?" (new Error("", "(unknown module)"))
1617651109355	Marionette	INFO	Listening on port 37485
1617651109369	Marionette	WARN	TLS certificate errors will be ignored for this session

(/usr/lib/firefox/firefox:54330): GLib-GObject-CRITICAL **: 20:31:49.590: g_object_set: assertion 'G_IS_OBJECT (object)' failed
1617651111504	Marionette	INFO	Stopped listening on port 37485
1617651409632	geckodriver	INFO	Listening on 127.0.0.1:45537
1617651409636	mozrunner::runner	INFO	Running command: "/usr/bin/firefox" "--marionette" "--headless" "-foreground" "-no-remote" "-profile" "/tmp/rust_mozprofilevYOXPM"
*** You are running in headless mode.

(/usr/lib/firefox/firefox:55270): GLib-GObject-CRITICAL **: 20:36:50.305: g_object_set: assertion 'G_IS_OBJECT (object)' failed

(/usr/lib/firefox/firefox:55291): GLib-GObject-CRITICAL **: 20:36:50.369: g_object_set: assertion 'G_IS_OBJECT (object)' failed
console.warn: SearchSettings: "get: No settings file exists, new profile?" (new Error("", "(unknown module)"))
1617651411010	Marionette	INFO	Listening on port 37645
1617651411056	Marionette	WARN	TLS certificate errors will be ignored for this session

(/usr/lib/firefox/firefox:55370): GLib-GObject-CRITICAL **: 20:36:51.288: g_object_set: assertion 'G_IS_OBJECT (object)' failed
1617651413365	Marionette	INFO	Stopped listening on port 37645
console.error: Region.jsm: "Error fetching region" (new TypeError("NetworkError when attempting to fetch resource.", ""))
console.error: Region.jsm: "Failed to fetch region" (new Error("NO_RESULT", "resource://gre/modules/Region.jsm", 419))
1617651689071	geckodriver	INFO	Listening on 127.0.0.1:48863
1617651689074	mozrunner::runner	INFO	Running command: "/usr/bin/firefox" "--marionette" "-headless" "-foreground" "-no-remote" "-profile" "/tmp/rust_mozprofiles75l5m"
*** You are running in headless mode.

(/usr/lib/firefox/firefox:55974): GLib-GObject-CRITICAL **: 20:41:29.738: g_object_set: assertion 'G_IS_OBJECT (object)' failed

(/usr/lib/firefox/firefox:55995): GLib-GObject-CRITICAL **: 20:41:29.817: g_object_set: assertion 'G_IS_OBJECT (object)' failed
console.warn: SearchSettings: "get: No settings file exists, new profile?" (new Error("", "(unknown module)"))
1617651690453	Marionette	INFO	Listening on port 35433
1617651690493	Marionette	WARN	TLS certificate errors will be ignored for this session

(/usr/lib/firefox/firefox:56073): GLib-GObject-CRITICAL **: 20:41:30.726: g_object_set: assertion 'G_IS_OBJECT (object)' failed
1617651692549	Marionette	INFO	Stopped listening on port 35433
1617651702085	geckodriver	INFO	Listening on 127.0.0.1:39895
1617651702088	mozrunner::runner	INFO	Running command: "/usr/bin/firefox" "--marionette" "-foreground" "-no-remote" "-profile" "/tmp/rust_mozprofilezZUvjO"
console.warn: SearchSettings: "get: No settings file exists, new profile?" (new Error("", "(unknown module)"))
1617651703665	Marionette	INFO	Listening on port 42809
1617651703704	Marionette	WARN	TLS certificate errors will be ignored for this session
1617651706058	Marionette	INFO	Stopped listening on port 42809
1617651745104	geckodriver	INFO	Listening on 127.0.0.1:57591
1617651745107	mozrunner::runner	INFO	Running command: "/usr/bin/firefox" "--marionette" "-foreground" "-no-remote" "-profile" "/tmp/rust_mozprofilerh0mx9"
console.warn: SearchSettings: "get: No settings file exists, new profile?" (new Error("", "(unknown module)"))
1617651746619	Marionette	INFO	Listening on port 38633
1617651746721	Marionette	WARN	TLS certificate errors will be ignored for this session
1617651748854	Marionette	INFO	Stopped listening on port 38633
1617651789345	geckodriver	INFO	Listening on 127.0.0.1:40601
1617651789348	mozrunner::runner	INFO	Running command: "/usr/bin/firefox" "--marionette" "-foreground" "-no-remote" "-profile" "/tmp/rust_mozprofileJLsVDQ"
console.warn: SearchSettings: "get: No settings file exists, new profile?" (new Error("", "(unknown module)"))
1617651790915	Marionette	INFO	Listening on port 35331
1617651790966	Marionette	WARN	TLS certificate errors will be ignored for this session
1617651799163	Marionette	INFO	Stopped listening on port 35331
1617651853188	geckodriver	INFO	Listening on 127.0.0.1:48095
1617651853191	mozrunner::runner	INFO	Running command: "/usr/bin/firefox" "--marionette" "-foreground" "-no-remote" "-profile" "/tmp/rust_mozprofile9V4kWq"
console.warn: SearchSettings: "get: No settings file exists, new profile?" (new Error("", "(unknown module)"))
1617651854691	Marionette	INFO	Listening on port 44283
1617651854709	Marionette	WARN	TLS certificate errors will be ignored for this session
1617651857047	Marionette	INFO	Stopped listening on port 44283
1617651879515	geckodriver	INFO	Listening on 127.0.0.1:42375
1617651879518	mozrunner::runner	INFO	Running command: "/usr/bin/firefox" "--marionette" "-foreground" "-no-remote" "-profile" "/tmp/rust_mozprofile57SwET"
console.warn: SearchSettings: "get: No settings file exists, new profile?" (new Error("", "(unknown module)"))
1617651881005	Marionette	INFO	Listening on port 41163
1617651881038	Marionette	WARN	TLS certificate errors will be ignored for this session
1617651889452	Marionette	INFO	Stopped listening on port 41163
1617651904646	geckodriver	INFO	Listening on 127.0.0.1:43823
1617651904649	mozrunner::runner	INFO	Running command: "/usr/bin/firefox" "--marionette" "-headless" "-foreground" "-no-remote" "-profile" "/tmp/rust_mozprofileUUPPo4"
*** You are running in headless mode.

(/usr/lib/firefox/firefox:58483): GLib-GObject-CRITICAL **: 20:45:05.322: g_object_set: assertion 'G_IS_OBJECT (object)' failed

(/usr/lib/firefox/firefox:58504): GLib-GObject-CRITICAL **: 20:45:05.405: g_object_set: assertion 'G_IS_OBJECT (object)' failed
console.warn: SearchSettings: "get: No settings file exists, new profile?" (new Error("", "(unknown module)"))
1617651906063	Marionette	INFO	Listening on port 37467
1617651906167	Marionette	WARN	TLS certificate errors will be ignored for this session

(/usr/lib/firefox/firefox:58581): GLib-GObject-CRITICAL **: 20:45:06.336: g_object_set: assertion 'G_IS_OBJECT (object)' failed
1617651908366	Marionette	INFO	Stopped listening on port 37467
1617652082623	geckodriver	INFO	Listening on 127.0.0.1:42063
1617652082626	mozrunner::runner	INFO	Running command: "/usr/bin/firefox" "--marionette" "--headless" "--no-sandox" "window-size=1400,2100" "-foreground" "-no-remote" "-profile" "/tmp/rust_mozprofileTPT7Wv"
*** You are running in headless mode.

(/usr/lib/firefox/firefox:59163): GLib-GObject-CRITICAL **: 20:48:03.293: g_object_set: assertion 'G_IS_OBJECT (object)' failed

(/usr/lib/firefox/firefox:59184): GLib-GObject-CRITICAL **: 20:48:03.361: g_object_set: assertion 'G_IS_OBJECT (object)' failed
console.warn: SearchSettings: "get: No settings file exists, new profile?" (new Error("", "(unknown module)"))
1617652084017	Marionette	INFO	Listening on port 45471
1617652084048	Marionette	WARN	TLS certificate errors will be ignored for this session

(/usr/lib/firefox/firefox:59264): GLib-GObject-CRITICAL **: 20:48:04.284: g_object_set: assertion 'G_IS_OBJECT (object)' failed
1617652086077	Marionette	INFO	Stopped listening on port 45471
1617652108091	geckodriver	INFO	Listening on 127.0.0.1:34679
1617652108094	mozrunner::runner	INFO	Running command: "/usr/bin/firefox" "--marionette" "--no-sandox" "window-size=1400,2100" "-foreground" "-no-remote" "-profile" "/tmp/rust_mozprofile8CRDvA"
console.warn: SearchSettings: "get: No settings file exists, new profile?" (new Error("", "(unknown module)"))
1617652109641	Marionette	INFO	Listening on port 40013
1617652109715	Marionette	WARN	TLS certificate errors will be ignored for this session
1617652111853	Marionette	INFO	Stopped listening on port 40013
1617652123217	geckodriver	INFO	Listening on 127.0.0.1:52045
1617652123220	mozrunner::runner	INFO	Running command: "/usr/bin/firefox" "--marionette" "--no-sandox" "window-size=1400,2100" "-foreground" "-no-remote" "-profile" "/tmp/rust_mozprofilecmaBX7"
console.warn: SearchSettings: "get: No settings file exists, new profile?" (new Error("", "(unknown module)"))
1617652124720	Marionette	INFO	Listening on port 37363
1617652124746	Marionette	WARN	TLS certificate errors will be ignored for this session
1617652133869	Marionette	INFO	Stopped listening on port 37363
1617652163493	geckodriver	INFO	Listening on 127.0.0.1:37839
1617652163496	mozrunner::runner	INFO	Running command: "/usr/bin/firefox" "--marionette" "--headless" "--no-sandbox" "window-size=1400,2100" "-foreground" "-no-remote" "-profile" "/tmp/rust_mozprofileZ8diRe"
*** You are running in headless mode.

(/usr/lib/firefox/firefox:60370): GLib-GObject-CRITICAL **: 20:49:24.166: g_object_set: assertion 'G_IS_OBJECT (object)' failed

(/usr/lib/firefox/firefox:60391): GLib-GObject-CRITICAL **: 20:49:24.233: g_object_set: assertion 'G_IS_OBJECT (object)' failed
console.warn: SearchSettings: "get: No settings file exists, new profile?" (new Error("", "(unknown module)"))
1617652164898	Marionette	INFO	Listening on port 42709
1617652164912	Marionette	WARN	TLS certificate errors will be ignored for this session

(/usr/lib/firefox/firefox:60473): GLib-GObject-CRITICAL **: 20:49:25.149: g_object_set: assertion 'G_IS_OBJECT (object)' failed
1617652167063	Marionette	INFO	Stopped listening on port 42709
1617652384202	geckodriver	INFO	Listening on 127.0.0.1:51433
1617652384205	mozrunner::runner	INFO	Running command: "/usr/bin/firefox" "--marionette" "--headless" "--no-sandbox" "window-size=1400,2100" "-foreground" "-no-remote" "-profile" "/tmp/rust_mozprofileVbXwd5"
*** You are running in headless mode.

(/usr/lib/firefox/firefox:61378): GLib-GObject-CRITICAL **: 20:53:04.907: g_object_set: assertion 'G_IS_OBJECT (object)' failed

(/usr/lib/firefox/firefox:61399): GLib-GObject-CRITICAL **: 20:53:04.971: g_object_set: assertion 'G_IS_OBJECT (object)' failed
console.warn: SearchSettings: "get: No settings file exists, new profile?" (new Error("", "(unknown module)"))
1617652385667	Marionette	INFO	Listening on port 36131
1617652385725	Marionette	WARN	TLS certificate errors will be ignored for this session

(/usr/lib/firefox/firefox:61479): GLib-GObject-CRITICAL **: 20:53:05.912: g_object_set: assertion 'G_IS_OBJECT (object)' failed
1617652396545	Marionette	INFO	Stopped listening on port 36131
